Scenario - subjective stimulus intensity
Logfile written - 12/06/2017 19:23:03

Subject	Trial	Event Type	Code	Time	TTime	Uncertainty	Duration	Uncertainty	ReqTime	ReqDur	Stim Type	Pair Index

vp33	1	Picture	present_text	10166	0	1	11333	1	0	next	false_alarm	2
vp33	1	Response	3	21225	11058	0
vp33	2	Picture	VAS	21499	0	1	1167	1	0	next	other	0
vp33	3	Picture	VAS	22666	0	1	1167	1	0	next	other	0
vp33	4	Picture	VAS	23832	0	1	1167	1	0	next	other	0
vp33	5	Picture	VAS	24999	0	1	1167	1	0	next	other	0
vp33	6	Picture	VAS	26165	0	1	1166	2	0	next	other	0
vp33	7	Picture	VAS	27331	0	2	1167	2	0	next	other	0
vp33	8	Picture	VAS	28498	0	1	1167	1	0	next	other	0
vp33	9	Picture	VAS	29665	0	1	1167	1	0	next	other	0
vp33	10	Picture	VAS	30832	0	1	1167	1	0	next	other	0
vp33	11	Picture	VAS	31998	0	1	1167	1	0	next	other	0
vp33	12	Picture	VAS	33165	0	1	1167	1	0	next	other	0
vp33	13	Picture	VAS	34332	0	1	1167	1	0	next	other	0
vp33	14	Picture	VAS	35498	0	1	1167	1	0	next	other	0
vp33	15	Picture	VAS	36665	0	1	1167	1	0	next	other	0
vp33	16	Picture	VAS	37831	0	1	1167	1	0	next	other	0
vp33	17	Picture	VAS	38998	0	1	1167	1	0	next	false_alarm	19
vp33	17	Response	3	39080	82	0
vp33	18	Picture	VAS	40165	0	1	1167	1	0	next	other	0
vp33	19	Picture	present_text	41331	0	1	244320	1	0	next	false_alarm	22
vp33	19	Response	3	285549	244218	2
vp33	19	Response	4	305369	264038	1
vp33	19	Text Input	1	330415	289083	1
vp33	19	Response	3	330415	289083	1
vp33	20	Picture	Jitter	330649	0	1	10166	1	0	next	other	0
vp33	21	Picture	instruct	340815	0	1	20332	1	0	next	other	0
vp33	21	Manual	shock delivered	360815	20001	NA
vp33	22	Picture	present_text	361147	0	1	76162	1	0	next	false_alarm	30
vp33	22	Response	3	437113	75966	1
vp33	22	Response	5	445251	84104	1
vp33	22	Text Input	2	450236	89089	0
vp33	22	Response	3	450236	89089	0
vp33	23	Picture	Jitter	450475	0	1	10166	1	0	next	other	0
vp33	24	Picture	instruct	460641	0	1	20499	1	0	next	other	0
vp33	24	Manual	shock delivered	480642	20000	NA
vp33	24	Manual	shock delivered	480762	20121	NA
vp33	25	Picture	present_text	481140	0	1	109661	1	0	next	false_alarm	39
vp33	25	Response	3	590631	109491	2
vp33	25	Text Input	4	608970	127830	0
vp33	25	Response	3	608970	127830	0
vp33	26	Picture	Jitter	609133	0	1	10166	1	0	next	other	0
vp33	27	Picture	instruct	619299	0	1	20666	1	0	next	other	0
vp33	27	Manual	shock delivered	639300	20000	NA
vp33	27	Manual	shock delivered	639420	20121	NA
vp33	27	Manual	shock delivered	639540	20241	NA
vp33	27	Manual	shock delivered	639660	20361	NA
vp33	28	Picture	present_text	639965	0	1	367146	1	0	next	false_alarm	49
vp33	28	Response	3	1006873	366908	1
vp33	28	Text Input	8	1027114	387149	1
vp33	28	Response	3	1027114	387149	1
vp33	29	Picture	Jitter	1027277	0	1	10166	1	0	next	other	0
vp33	30	Picture	instruct	1037443	0	1	21166	1	0	next	other	0
vp33	30	Manual	shock delivered	1057443	20000	NA
vp33	30	Manual	shock delivered	1057564	20121	NA
vp33	30	Manual	shock delivered	1057684	20241	NA
vp33	30	Manual	shock delivered	1057804	20361	NA
vp33	30	Manual	shock delivered	1057924	20481	NA
vp33	30	Manual	shock delivered	1058044	20601	NA
vp33	30	Manual	shock delivered	1058164	20721	NA
vp33	30	Manual	shock delivered	1058284	20841	NA
vp33	31	Picture	present_text	1058609	0	1	142159	1	0	next	false_alarm	63
vp33	31	Response	3	1200561	141953	1
vp33	31	Text Input	z	1203471	144863	1
vp33	31	Response	3	1203471	144863	1
vp33	31	Text Input	8	1241942	183333	1
vp33	31	Response	3	1241942	183333	1
vp33	32	Picture	present_text	1242098	0	1	117327	1	0	next	false_alarm	69
vp33	32	Response	3	1359205	117106	1
vp33	33	Picture	present_text	1359425	0	1	763125	1	0	next	false_alarm	71
vp33	33	Response	3	2122381	762956	2
vp33	34	Picture	Jitter	2122550	0	1	15166	1	0	next	other	0
vp33	35	Picture	instruct	2137716	0	1	20499	1	0	next	other	0
vp33	35	Manual	shock delivered	2157716	20000	NA
vp33	35	Manual	shock delivered	2157836	20121	NA
vp33	35	Manual	shock delivered	2157956	20241	NA
vp33	36	Picture	VAS	2158215	0	1	1167	1	0	next	other	0
vp33	37	Picture	VAS	2159381	0	1	1167	1	0	next	other	0
vp33	38	Picture	VAS	2160548	0	1	1167	1	0	next	other	0
vp33	39	Picture	VAS	2161715	0	1	1167	1	0	next	other	0
vp33	40	Picture	VAS	2162881	0	1	1167	1	0	next	other	0
vp33	41	Picture	VAS	2164048	0	1	1167	1	0	next	other	0
vp33	42	Picture	VAS	2165214	0	1	1167	1	0	next	other	0
vp33	43	Picture	VAS	2166381	0	1	1167	1	0	next	other	0
vp33	44	Picture	VAS	2167547	0	1	1167	1	0	next	other	0
vp33	45	Picture	VAS	2168714	0	1	1167	1	0	next	other	0
vp33	46	Picture	VAS	2169881	0	1	1167	1	0	next	other	0
vp33	47	Picture	VAS	2171047	0	1	1167	1	0	next	other	0
vp33	48	Picture	VAS	2172214	0	1	1167	1	0	next	other	0
vp33	49	Picture	VAS	2173380	0	1	1167	1	0	next	other	0
vp33	50	Picture	VAS	2174547	0	1	1167	1	0	next	other	0
vp33	51	Picture	VAS	2175714	0	1	1167	1	0	next	other	0
vp33	52	Picture	VAS	2176880	0	1	1167	1	0	next	other	0
vp33	53	Picture	VAS	2178047	0	1	1167	1	0	next	other	0
vp33	54	Picture	VAS	2179213	0	1	1167	1	0	next	other	0
vp33	55	Picture	VAS	2180380	0	1	1167	1	0	next	false_alarm	97
vp33	55	Response	2	2181222	842	0
vp33	56	Picture	VAS	2181547	0	1	1167	1	0	next	other	0
vp33	57	Picture	VAS	2182713	0	1	1167	1	0	next	other	0
vp33	58	Picture	VAS	2183880	0	1	1167	1	0	next	other	0
vp33	59	Picture	VAS	2185047	0	1	1167	1	0	next	other	0
vp33	60	Picture	VAS	2186213	0	1	1167	1	0	next	other	0
vp33	61	Picture	VAS	2187380	0	1	1167	1	0	next	other	0
vp33	62	Picture	VAS	2188546	0	1	1167	1	0	next	other	0
vp33	63	Picture	VAS	2189713	0	1	1167	1	0	next	other	0
vp33	64	Picture	VAS	2190880	0	1	1167	1	0	next	other	0
vp33	65	Picture	VAS	2192046	0	1	1167	1	0	next	other	0
vp33	66	Picture	VAS	2193213	0	1	1167	1	0	next	other	0
vp33	67	Picture	VAS	2194379	0	1	1167	1	0	next	other	0
vp33	68	Picture	VAS	2195546	0	1	1167	1	0	next	other	0
vp33	69	Picture	VAS	2196713	0	1	1167	1	0	next	other	0
vp33	70	Picture	VAS	2197879	0	1	1167	1	0	next	other	0
vp33	71	Picture	VAS	2199046	0	1	1167	1	0	next	other	0
vp33	72	Picture	VAS	2200212	0	1	1167	1	0	next	other	0
vp33	73	Picture	VAS	2201379	0	1	1167	1	0	next	other	0
vp33	74	Picture	VAS	2202546	0	1	1167	1	0	next	other	0
vp33	75	Picture	VAS	2203712	0	1	1167	1	0	next	other	0
vp33	76	Picture	VAS	2204879	0	1	1167	1	0	next	other	0
vp33	77	Picture	VAS	2206045	0	1	1167	1	0	next	other	0
vp33	78	Picture	VAS	2207212	0	1	1167	1	0	next	other	0
vp33	79	Picture	VAS	2208379	0	1	1167	1	0	next	other	0
vp33	80	Picture	VAS	2209545	0	1	1167	1	0	next	other	0
vp33	81	Picture	VAS	2210712	0	1	1167	1	0	next	other	0
vp33	82	Picture	VAS	2211878	0	1	1167	1	0	next	other	0
vp33	83	Picture	VAS	2213045	0	1	1167	1	0	next	other	0
vp33	84	Picture	VAS	2214212	0	1	1167	1	0	next	other	0
vp33	85	Picture	VAS	2215378	0	1	1167	1	0	next	other	0
vp33	86	Picture	VAS	2216545	0	1	1167	1	0	next	other	0
vp33	87	Picture	VAS	2217711	0	1	1167	1	0	next	other	0
vp33	88	Picture	VAS	2218878	0	1	1167	1	0	next	other	0
vp33	89	Picture	VAS	2220045	0	1	1167	1	0	next	other	0
vp33	90	Picture	VAS	2221211	0	1	1167	1	0	next	other	0
vp33	91	Picture	VAS	2222378	0	1	1167	1	0	next	other	0
vp33	92	Picture	VAS	2223544	0	1	1167	1	0	next	other	0
vp33	93	Picture	VAS	2224711	0	1	1167	1	0	next	other	0
vp33	94	Picture	VAS	2225878	0	1	1167	1	0	next	other	0
vp33	95	Picture	VAS	2227044	0	1	1167	1	0	next	other	0
vp33	96	Picture	VAS	2228211	0	1	1167	1	0	next	other	0
vp33	97	Picture	VAS	2229377	0	1	1167	1	0	next	other	0
vp33	98	Picture	VAS	2230544	0	1	1167	1	0	next	other	0
vp33	99	Picture	VAS	2231711	0	1	1167	1	0	next	other	0
vp33	100	Picture	VAS	2232877	0	1	1167	1	0	next	other	0
vp33	101	Picture	VAS	2234044	0	1	1167	1	0	next	other	0
vp33	102	Picture	VAS	2235210	0	1	1167	1	0	next	other	0
vp33	103	Picture	VAS	2236377	0	1	1167	1	0	next	other	0
vp33	104	Picture	VAS	2237544	0	1	1167	1	0	next	other	0
vp33	105	Picture	VAS	2238710	0	1	1167	1	0	next	other	0
vp33	106	Picture	VAS	2239877	0	1	1167	1	0	next	other	0
vp33	107	Picture	VAS	2241043	0	1	1167	1	0	next	other	0
vp33	108	Picture	VAS	2242210	0	1	1167	1	0	next	other	0
vp33	109	Picture	VAS	2243377	0	1	1167	1	0	next	other	0
vp33	110	Picture	VAS	2244543	0	1	1167	1	0	next	other	0
vp33	111	Picture	VAS	2245710	0	1	1167	1	0	next	other	0
vp33	112	Picture	VAS	2246876	0	1	1167	1	0	next	other	0
vp33	113	Picture	VAS	2248043	0	1	1167	1	0	next	other	0
vp33	114	Picture	VAS	2249210	0	1	1167	1	0	next	other	0
vp33	115	Picture	VAS	2250376	0	1	1167	1	0	next	other	0
vp33	116	Picture	VAS	2251543	0	1	1167	1	0	next	other	0
vp33	117	Picture	VAS	2252709	0	1	1167	1	0	next	other	0
vp33	118	Picture	VAS	2253876	0	1	1167	1	0	next	other	0
vp33	119	Picture	VAS	2255043	0	1	1167	1	0	next	other	0
vp33	120	Picture	VAS	2256209	0	1	1167	1	0	next	other	0
vp33	121	Picture	VAS	2257376	0	1	1167	1	0	next	other	0
vp33	122	Picture	VAS	2258542	0	1	1167	1	0	next	other	0
vp33	123	Picture	VAS	2259709	0	1	1167	1	0	next	other	0
vp33	124	Picture	VAS	2260876	0	1	1167	1	0	next	other	0
vp33	125	Picture	VAS	2262042	0	1	1167	1	0	next	other	0
vp33	126	Picture	VAS	2263209	0	1	1167	1	0	next	other	0
vp33	127	Picture	VAS	2264375	0	1	1167	1	0	next	other	0
vp33	128	Picture	VAS	2265542	0	1	1167	1	0	next	other	0
vp33	129	Picture	VAS	2266709	0	1	1167	1	0	next	other	0
vp33	130	Picture	VAS	2267875	0	1	1167	1	0	next	other	0
vp33	131	Picture	VAS	2269042	0	1	1167	1	0	next	other	0
vp33	132	Picture	VAS	2270208	0	1	1167	1	0	next	other	0
vp33	133	Picture	VAS	2271375	0	1	1167	1	0	next	other	0
vp33	134	Picture	VAS	2272542	0	1	1167	1	0	next	other	0
vp33	135	Picture	VAS	2273708	0	1	1167	1	0	next	other	0
vp33	136	Picture	VAS	2274875	0	1	1167	1	0	next	other	0
vp33	137	Picture	VAS	2276041	0	1	1167	1	0	next	other	0
vp33	138	Picture	VAS	2277208	0	1	1167	1	0	next	other	0
vp33	139	Picture	VAS	2278375	0	1	1167	1	0	next	other	0
vp33	140	Picture	VAS	2279541	0	1	1167	1	0	next	other	0
vp33	141	Picture	VAS	2280708	0	1	1167	1	0	next	other	0
vp33	142	Picture	VAS	2281875	0	1	1167	1	0	next	other	0
vp33	143	Picture	VAS	2283041	0	1	1167	1	0	next	other	0
vp33	144	Picture	VAS	2284208	0	1	1167	1	0	next	other	0
vp33	145	Picture	VAS	2285374	0	1	1167	1	0	next	other	0
vp33	146	Picture	VAS	2286541	0	1	1167	1	0	next	other	0
vp33	147	Picture	VAS	2287708	0	1	1167	1	0	next	other	0
vp33	148	Picture	VAS	2288874	0	1	1167	1	0	next	other	0
vp33	149	Picture	VAS	2290041	0	1	1167	1	0	next	other	0
vp33	150	Picture	VAS	2291207	0	1	1167	1	0	next	other	0
vp33	151	Picture	VAS	2292374	0	1	1167	1	0	next	false_alarm	194
vp33	151	Response	3	2292696	323	1
vp33	152	Picture	VAS	2293541	0	1	1167	1	0	next	other	0
vp33	153	Picture	Jitter	2294707	0	1	5166	1	0	next	other	0
vp33	154	Picture	instruct	2299874	0	1	20332	1	0	next	other	0
vp33	154	Manual	shock delivered	2319874	20000	NA
vp33	155	Picture	VAS	2320206	0	1	1167	1	0	next	other	0
vp33	156	Picture	VAS	2321372	0	1	1167	1	0	next	other	0
vp33	157	Picture	VAS	2322539	0	1	1167	1	0	next	other	0
vp33	158	Picture	VAS	2323706	0	1	1167	1	0	next	other	0
vp33	159	Picture	VAS	2324872	0	1	1167	1	0	next	other	0
vp33	160	Picture	VAS	2326039	0	1	1167	1	0	next	other	0
vp33	161	Picture	VAS	2327205	0	1	1167	1	0	next	other	0
vp33	162	Picture	VAS	2328372	0	1	1167	1	0	next	other	0
vp33	163	Picture	VAS	2329539	0	1	1167	1	0	next	other	0
vp33	164	Picture	VAS	2330705	0	1	1167	1	0	next	other	0
vp33	165	Picture	VAS	2331872	0	1	1167	1	0	next	other	0
vp33	166	Picture	VAS	2333038	0	1	1167	1	0	next	other	0
vp33	167	Picture	VAS	2334205	0	1	1167	1	0	next	other	0
vp33	168	Picture	VAS	2335372	0	1	1167	1	0	next	other	0
vp33	169	Picture	VAS	2336538	0	1	1167	1	0	next	other	0
vp33	170	Picture	VAS	2337705	0	1	1167	1	0	next	other	0
vp33	171	Picture	VAS	2338871	0	1	1167	1	0	next	other	0
vp33	172	Picture	VAS	2340038	0	1	1167	1	0	next	other	0
vp33	173	Picture	VAS	2341205	0	1	1167	1	0	next	other	0
vp33	174	Picture	VAS	2342371	0	1	1167	1	0	next	other	0
vp33	175	Picture	VAS	2343538	0	1	1167	1	0	next	other	0
vp33	176	Picture	VAS	2344704	0	1	1167	1	0	next	other	0
vp33	177	Picture	VAS	2345871	0	1	1167	1	0	next	false_alarm	222
vp33	177	Response	1	2346340	469	1
vp33	178	Picture	VAS	2347038	0	1	1167	1	0	next	other	0
vp33	178	Response	1	2348093	1055	1
vp33	179	Picture	VAS	2348204	0	1	1167	1	0	next	other	0
vp33	180	Picture	VAS	2349371	0	1	1167	1	0	next	false_alarm	227
vp33	180	Response	1	2349432	61	0
vp33	181	Picture	VAS	2350537	0	1	1167	1	0	next	other	0
vp33	182	Picture	VAS	2351704	0	1	1167	1	0	next	other	0
vp33	183	Picture	VAS	2352871	0	1	1167	1	0	next	other	0
vp33	184	Picture	VAS	2354037	0	1	1167	1	0	next	other	0
vp33	185	Picture	VAS	2355204	0	1	1167	1	0	next	other	0
vp33	186	Picture	VAS	2356370	0	1	1167	1	0	next	other	0
vp33	187	Picture	VAS	2357537	0	1	1167	1	0	next	other	0
vp33	188	Picture	VAS	2358704	0	1	1167	1	0	next	other	0
vp33	189	Picture	VAS	2359870	0	1	1167	1	0	next	other	0
vp33	190	Picture	VAS	2361037	0	1	1167	1	0	next	other	0
vp33	191	Picture	VAS	2362203	0	1	1167	1	0	next	other	0
vp33	192	Picture	VAS	2363370	0	1	1167	1	0	next	false_alarm	240
vp33	192	Response	3	2364107	737	1
vp33	193	Picture	VAS	2364537	0	1	1167	1	0	next	other	0
vp33	194	Picture	Jitter	2365703	0	1	5166	1	0	next	other	0
vp33	195	Picture	instruct	2370870	0	1	20666	1	0	next	other	0
vp33	195	Manual	shock delivered	2390870	20001	NA
vp33	195	Manual	shock delivered	2390990	20121	NA
vp33	195	Manual	shock delivered	2391110	20241	NA
vp33	195	Manual	shock delivered	2391230	20361	NA
vp33	196	Picture	VAS	2391535	0	1	1167	1	0	next	other	0
vp33	197	Picture	VAS	2392702	0	1	1167	1	0	next	other	0
vp33	198	Picture	VAS	2393868	0	1	1167	1	0	next	other	0
vp33	199	Picture	VAS	2395035	0	1	1167	1	0	next	other	0
vp33	200	Picture	VAS	2396202	0	1	1167	1	0	next	other	0
vp33	201	Picture	VAS	2397368	0	1	1167	1	0	next	other	0
vp33	202	Picture	VAS	2398535	0	1	1167	1	0	next	other	0
vp33	203	Picture	VAS	2399701	0	1	1167	1	0	next	other	0
vp33	204	Picture	VAS	2400868	0	1	1167	1	0	next	other	0
vp33	205	Picture	VAS	2402035	0	1	1167	1	0	next	other	0
vp33	206	Picture	VAS	2403201	0	1	1167	1	0	next	other	0
vp33	207	Picture	VAS	2404368	0	1	1167	1	0	next	other	0
vp33	208	Picture	VAS	2405534	0	1	1167	1	0	next	other	0
vp33	209	Picture	VAS	2406701	0	1	1167	1	0	next	other	0
vp33	210	Picture	VAS	2407868	0	1	1167	1	0	next	other	0
vp33	211	Picture	VAS	2409034	0	1	1167	1	0	next	other	0
vp33	212	Picture	VAS	2410201	0	1	1167	1	0	next	other	0
vp33	213	Picture	VAS	2411367	0	1	1167	1	0	next	other	0
vp33	214	Picture	VAS	2412534	0	1	1167	1	0	next	other	0
vp33	215	Picture	VAS	2413701	0	1	1167	1	0	next	other	0
vp33	216	Picture	VAS	2414867	0	1	1167	1	0	next	other	0
vp33	217	Picture	VAS	2416034	0	1	1167	1	0	next	other	0
vp33	218	Picture	VAS	2417200	0	1	1167	1	0	next	other	0
vp33	219	Picture	VAS	2418367	0	1	1167	1	0	next	other	0
vp33	220	Picture	VAS	2419534	0	1	1167	1	0	next	other	0
vp33	221	Picture	VAS	2420700	0	1	1167	1	0	next	other	0
vp33	222	Picture	VAS	2421867	0	1	1167	1	0	next	other	0
vp33	223	Picture	VAS	2423033	0	1	1167	1	0	next	other	0
vp33	224	Picture	VAS	2424200	0	1	1167	1	0	next	other	0
vp33	225	Picture	VAS	2425367	0	1	1167	1	0	next	other	0
vp33	226	Picture	VAS	2426533	0	1	1167	1	0	next	other	0
vp33	227	Picture	VAS	2427700	0	1	1167	1	0	next	other	0
vp33	228	Picture	VAS	2428866	0	1	1167	1	0	next	other	0
vp33	229	Picture	VAS	2430033	0	1	1167	1	0	next	other	0
vp33	230	Picture	VAS	2431200	0	1	1167	1	0	next	other	0
vp33	231	Picture	VAS	2432366	0	1	1167	1	0	next	other	0
vp33	232	Picture	VAS	2433533	0	1	1167	1	0	next	other	0
vp33	233	Picture	VAS	2434699	0	1	1167	1	0	next	other	0
vp33	234	Picture	VAS	2435866	0	1	1167	1	0	next	other	0
vp33	235	Picture	VAS	2437033	0	1	1167	1	0	next	other	0
vp33	236	Picture	VAS	2438199	0	1	1167	1	0	next	other	0
vp33	237	Picture	VAS	2439366	0	1	1167	1	0	next	other	0
vp33	238	Picture	VAS	2440532	0	1	1167	1	0	next	other	0
vp33	239	Picture	VAS	2441699	0	1	1167	1	0	next	other	0
vp33	240	Picture	VAS	2442866	0	1	1167	1	0	next	other	0
vp33	241	Picture	VAS	2444032	0	1	1167	1	0	next	other	0
vp33	242	Picture	VAS	2445199	0	1	1167	1	0	next	other	0
vp33	243	Picture	VAS	2446365	0	1	1167	1	0	next	other	0
vp33	244	Picture	VAS	2447532	0	1	1167	1	0	next	other	0
vp33	245	Picture	VAS	2448699	0	1	1167	1	0	next	other	0
vp33	246	Picture	VAS	2449865	0	1	1167	1	0	next	other	0
vp33	247	Picture	VAS	2451032	0	1	1167	1	0	next	other	0
vp33	248	Picture	VAS	2452199	0	1	1167	1	0	next	other	0
vp33	249	Picture	VAS	2453365	0	1	1167	1	0	next	other	0
vp33	250	Picture	VAS	2454532	0	1	1167	1	0	next	other	0
vp33	251	Picture	VAS	2455698	0	1	1167	1	0	next	other	0
vp33	252	Picture	VAS	2456865	0	1	1167	1	0	next	other	0
vp33	253	Picture	VAS	2458032	0	1	1167	1	0	next	other	0
vp33	254	Picture	VAS	2459198	0	1	1167	1	0	next	other	0
vp33	255	Picture	VAS	2460365	0	1	1167	1	0	next	other	0
vp33	256	Picture	VAS	2461531	0	1	1167	1	0	next	other	0
vp33	257	Picture	VAS	2462698	0	1	1167	1	0	next	other	0
vp33	258	Picture	VAS	2463864	0	1	1167	1	0	next	other	0
vp33	259	Picture	VAS	2465031	0	1	1167	1	0	next	other	0
vp33	260	Picture	VAS	2466198	0	1	1167	1	0	next	other	0
vp33	261	Picture	VAS	2467364	0	1	1167	1	0	next	other	0
vp33	262	Picture	VAS	2468531	0	1	1167	1	0	next	other	0
vp33	263	Picture	VAS	2469697	0	1	1167	1	0	next	other	0
vp33	264	Picture	VAS	2470864	0	1	1167	1	0	next	other	0
vp33	265	Picture	VAS	2472031	0	1	1167	1	0	next	other	0
vp33	266	Picture	VAS	2473197	0	1	1167	1	0	next	other	0
vp33	267	Picture	VAS	2474364	0	1	1167	1	0	next	other	0
vp33	268	Picture	VAS	2475530	0	1	1167	1	0	next	other	0
vp33	269	Picture	VAS	2476697	0	1	1167	1	0	next	other	0
vp33	270	Picture	VAS	2477864	0	1	1167	1	0	next	other	0
vp33	271	Picture	VAS	2479030	0	1	1167	1	0	next	other	0
vp33	272	Picture	VAS	2480197	0	1	1167	1	0	next	other	0
vp33	273	Picture	VAS	2481364	0	1	1167	1	0	next	other	0
vp33	274	Picture	VAS	2482530	0	1	1167	1	0	next	other	0
vp33	275	Picture	VAS	2483697	0	1	1167	1	0	next	other	0
vp33	276	Picture	VAS	2484863	0	1	1167	1	0	next	other	0
vp33	277	Picture	VAS	2486030	0	1	1167	1	0	next	other	0
vp33	278	Picture	VAS	2487197	0	1	1167	1	0	next	other	0
vp33	279	Picture	VAS	2488363	0	1	1167	1	0	next	other	0
vp33	280	Picture	VAS	2489530	0	1	1167	1	0	next	other	0
vp33	281	Picture	VAS	2490696	0	1	1167	1	0	next	other	0
vp33	282	Picture	VAS	2491863	0	1	1167	1	0	next	other	0
vp33	283	Picture	VAS	2493030	0	1	1167	1	0	next	other	0
vp33	284	Picture	VAS	2494196	0	1	1167	1	0	next	other	0
vp33	285	Picture	VAS	2495363	0	1	1167	1	0	next	other	0
vp33	286	Picture	VAS	2496529	0	1	1167	1	0	next	other	0
vp33	287	Picture	VAS	2497696	0	1	1167	1	0	next	other	0
vp33	288	Picture	VAS	2498863	0	1	1167	1	0	next	other	0
vp33	289	Picture	VAS	2500029	0	1	1167	1	0	next	other	0
vp33	290	Picture	VAS	2501196	0	1	1167	1	0	next	other	0
vp33	291	Picture	VAS	2502362	0	1	1167	1	0	next	other	0
vp33	292	Picture	VAS	2503529	0	1	1167	1	0	next	other	0
vp33	293	Picture	VAS	2504696	0	1	1167	1	0	next	other	0
vp33	294	Picture	VAS	2505862	0	1	1167	1	0	next	other	0
vp33	295	Picture	VAS	2507029	0	1	1167	1	0	next	other	0
vp33	296	Picture	VAS	2508195	0	1	1167	1	0	next	other	0
vp33	297	Picture	VAS	2509362	0	1	1167	1	0	next	other	0
vp33	298	Picture	VAS	2510529	0	1	1167	1	0	next	other	0
vp33	299	Picture	VAS	2511695	0	1	1167	1	0	next	other	0
vp33	300	Picture	VAS	2512862	0	1	1167	1	0	next	other	0
vp33	301	Picture	VAS	2514028	0	1	1167	1	0	next	other	0
vp33	302	Picture	VAS	2515195	0	1	1167	1	0	next	other	0
vp33	303	Picture	VAS	2516362	0	1	1167	1	0	next	false_alarm	356
vp33	303	Response	2	2517199	838	1
vp33	304	Picture	VAS	2517528	0	1	1167	1	0	next	other	0
vp33	305	Picture	VAS	2518695	0	1	1167	1	0	next	other	0
vp33	306	Picture	VAS	2519861	0	1	1167	1	0	next	other	0
vp33	307	Picture	VAS	2521028	0	1	1167	1	0	next	other	0
vp33	308	Picture	VAS	2522195	0	1	1167	1	0	next	other	0
vp33	309	Picture	VAS	2523361	0	1	1167	1	0	next	other	0
vp33	310	Picture	VAS	2524528	0	1	1167	1	0	next	other	0
vp33	311	Picture	VAS	2525694	0	1	1167	1	0	next	other	0
vp33	312	Picture	VAS	2526861	0	1	1167	1	0	next	other	0
vp33	313	Picture	VAS	2528028	0	1	1167	1	0	next	other	0
vp33	314	Picture	VAS	2529194	0	1	1167	1	0	next	other	0
vp33	315	Picture	VAS	2530361	0	1	1167	1	0	next	other	0
vp33	316	Picture	VAS	2531527	0	1	1167	1	0	next	other	0
vp33	317	Picture	VAS	2532694	0	1	1167	1	0	next	other	0
vp33	318	Picture	VAS	2533861	0	1	1167	1	0	next	other	0
vp33	319	Picture	VAS	2535027	0	1	1167	1	0	next	other	0
vp33	320	Picture	VAS	2536194	0	1	1167	1	0	next	other	0
vp33	321	Picture	VAS	2537360	0	1	1167	1	0	next	other	0
vp33	322	Picture	VAS	2538527	0	1	1167	1	0	next	other	0
vp33	323	Picture	VAS	2539694	0	1	1167	1	0	next	other	0
vp33	324	Picture	VAS	2540860	0	1	1167	1	0	next	other	0
vp33	325	Picture	VAS	2542027	0	1	1167	1	0	next	other	0
vp33	326	Picture	VAS	2543194	0	1	1167	1	0	next	other	0
vp33	327	Picture	VAS	2544360	0	1	1167	1	0	next	other	0
vp33	328	Picture	VAS	2545527	0	1	1167	1	0	next	other	0
vp33	329	Picture	VAS	2546693	0	1	1167	1	0	next	other	0
vp33	330	Picture	VAS	2547860	0	1	1167	1	0	next	other	0
vp33	331	Picture	VAS	2549027	0	1	1167	1	0	next	other	0
vp33	332	Picture	VAS	2550193	0	1	1167	1	0	next	false_alarm	386
vp33	332	Response	3	2551060	867	1
vp33	333	Picture	VAS	2551360	0	1	1167	1	0	next	other	0
vp33	334	Picture	Jitter	2552526	0	1	5166	1	0	next	other	0
vp33	335	Picture	instruct	2557693	0	1	21165	1	0	next	other	0
vp33	335	Manual	shock delivered	2577693	20000	NA
vp33	335	Manual	shock delivered	2577813	20121	NA
vp33	335	Manual	shock delivered	2577933	20241	NA
vp33	335	Manual	shock delivered	2578053	20361	NA
vp33	335	Manual	shock delivered	2578174	20481	NA
vp33	335	Manual	shock delivered	2578294	20601	NA
vp33	335	Manual	shock delivered	2578414	20721	NA
vp33	335	Manual	shock delivered	2578534	20841	NA
vp33	336	Picture	VAS	2578858	0	1	1167	1	0	next	other	0
vp33	337	Picture	VAS	2580025	0	1	1167	1	0	next	other	0
vp33	338	Picture	VAS	2581191	0	1	1167	1	0	next	other	0
vp33	339	Picture	VAS	2582358	0	1	1167	1	0	next	other	0
vp33	340	Picture	VAS	2583525	0	1	1167	1	0	next	other	0
vp33	341	Picture	VAS	2584691	0	1	1167	1	0	next	other	0
vp33	342	Picture	VAS	2585858	0	1	1167	1	0	next	other	0
vp33	343	Picture	VAS	2587024	0	1	1167	1	0	next	other	0
vp33	344	Picture	VAS	2588191	0	1	1167	1	0	next	other	0
vp33	345	Picture	VAS	2589358	0	1	1167	1	0	next	other	0
vp33	346	Picture	VAS	2590524	0	1	1167	1	0	next	other	0
vp33	347	Picture	VAS	2591691	0	1	1167	1	0	next	other	0
vp33	348	Picture	VAS	2592857	0	1	1167	1	0	next	other	0
vp33	349	Picture	VAS	2594024	0	1	1167	1	0	next	other	0
vp33	350	Picture	VAS	2595191	0	1	1167	1	0	next	other	0
vp33	351	Picture	VAS	2596357	0	1	1167	1	0	next	other	0
vp33	352	Picture	VAS	2597524	0	1	1167	1	0	next	other	0
vp33	353	Picture	VAS	2598690	0	1	1167	1	0	next	other	0
vp33	354	Picture	VAS	2599857	0	1	1167	1	0	next	other	0
vp33	355	Picture	VAS	2601024	0	1	1167	1	0	next	other	0
vp33	356	Picture	VAS	2602190	0	1	1167	1	0	next	other	0
vp33	357	Picture	VAS	2603357	0	1	1167	1	0	next	other	0
vp33	358	Picture	VAS	2604523	0	1	1167	1	0	next	other	0
vp33	359	Picture	VAS	2605690	0	1	1167	1	0	next	other	0
vp33	360	Picture	VAS	2606857	0	1	1167	1	0	next	other	0
vp33	361	Picture	VAS	2608023	0	1	1167	1	0	next	other	0
vp33	362	Picture	VAS	2609190	0	1	1167	1	0	next	other	0
vp33	363	Picture	VAS	2610356	0	1	1167	1	0	next	other	0
vp33	364	Picture	VAS	2611523	0	1	1167	1	0	next	other	0
vp33	365	Picture	VAS	2612690	0	1	1167	1	0	next	other	0
vp33	366	Picture	VAS	2613856	0	1	1167	1	0	next	other	0
vp33	367	Picture	VAS	2615023	0	1	1167	1	0	next	other	0
vp33	368	Picture	VAS	2616189	0	1	1167	1	0	next	other	0
vp33	369	Picture	VAS	2617356	0	1	1167	1	0	next	other	0
vp33	370	Picture	VAS	2618523	0	1	1167	1	0	next	other	0
vp33	371	Picture	VAS	2619689	0	1	1167	1	0	next	other	0
vp33	372	Picture	VAS	2620856	0	1	1167	1	0	next	other	0
vp33	373	Picture	VAS	2622022	0	1	1167	1	0	next	other	0
vp33	374	Picture	VAS	2623189	0	1	1167	1	0	next	other	0
vp33	375	Picture	VAS	2624356	0	1	1167	1	0	next	other	0
vp33	376	Picture	VAS	2625522	0	1	1167	1	0	next	other	0
vp33	377	Picture	VAS	2626689	0	1	1167	1	0	next	other	0
vp33	378	Picture	VAS	2627855	0	1	1167	1	0	next	false_alarm	441
vp33	378	Response	2	2628672	816	1
vp33	379	Picture	VAS	2629022	0	1	1167	1	0	next	other	0
vp33	380	Picture	VAS	2630189	0	1	1167	1	0	next	other	0
vp33	381	Picture	VAS	2631355	0	1	1167	1	0	next	other	0
vp33	382	Picture	VAS	2632522	0	1	1167	1	0	next	other	0
vp33	383	Picture	VAS	2633688	0	1	1167	1	0	next	other	0
vp33	384	Picture	VAS	2634855	0	1	1167	1	0	next	other	0
vp33	385	Picture	VAS	2636022	0	1	1167	1	0	next	other	0
vp33	386	Picture	VAS	2637188	0	1	1167	1	0	next	other	0
vp33	387	Picture	VAS	2638355	0	1	1167	1	0	next	other	0
vp33	388	Picture	VAS	2639521	0	1	1167	1	0	next	other	0
vp33	389	Picture	VAS	2640688	0	1	1167	1	0	next	other	0
vp33	390	Picture	VAS	2641855	0	1	1167	1	0	next	other	0
vp33	391	Picture	VAS	2643021	0	1	1167	1	0	next	other	0
vp33	392	Picture	VAS	2644188	0	1	1167	1	0	next	other	0
vp33	393	Picture	VAS	2645354	0	1	1166	1	0	next	other	0
vp33	394	Picture	VAS	2646521	0	1	1167	1	0	next	other	0
vp33	395	Picture	VAS	2647688	0	1	1167	1	0	next	other	0
vp33	396	Picture	VAS	2648854	0	1	1167	1	0	next	other	0
vp33	397	Picture	VAS	2650021	0	1	1167	1	0	next	other	0
vp33	398	Picture	VAS	2651188	0	1	1167	1	0	next	other	0
vp33	399	Picture	VAS	2652354	0	1	1167	1	0	next	other	0
vp33	400	Picture	VAS	2653521	0	1	1167	1	0	next	other	0
vp33	401	Picture	VAS	2654687	0	1	1167	1	0	next	other	0
vp33	402	Picture	VAS	2655854	0	1	1167	1	0	next	other	0
vp33	403	Picture	VAS	2657020	0	1	1167	1	0	next	other	0
vp33	404	Picture	VAS	2658187	0	1	1167	1	0	next	other	0
vp33	405	Picture	VAS	2659354	0	1	1167	1	0	next	other	0
vp33	406	Picture	VAS	2660520	0	1	1167	1	0	next	other	0
vp33	407	Picture	VAS	2661687	0	1	1167	1	0	next	other	0
vp33	408	Picture	VAS	2662854	0	1	1167	1	0	next	other	0
vp33	409	Picture	VAS	2664020	0	1	1167	1	0	next	other	0
vp33	410	Picture	VAS	2665187	0	1	1167	1	0	next	other	0
vp33	411	Picture	VAS	2666353	0	1	1167	1	0	next	other	0
vp33	412	Picture	VAS	2667520	0	1	1167	1	0	next	other	0
vp33	413	Picture	VAS	2668687	0	1	1167	1	0	next	other	0
vp33	414	Picture	VAS	2669853	0	1	1167	1	0	next	other	0
vp33	415	Picture	VAS	2671020	0	1	1167	1	0	next	other	0
vp33	416	Picture	VAS	2672186	0	1	1167	1	0	next	other	0
vp33	417	Picture	VAS	2673353	0	1	1167	1	0	next	other	0
vp33	418	Picture	VAS	2674520	0	1	1167	1	0	next	other	0
vp33	419	Picture	VAS	2675686	0	1	1167	1	0	next	other	0
vp33	420	Picture	VAS	2676853	0	1	1167	1	0	next	other	0
vp33	421	Picture	VAS	2678019	0	1	1167	1	0	next	other	0
vp33	422	Picture	VAS	2679186	0	1	1167	1	0	next	other	0
vp33	423	Picture	VAS	2680353	0	1	1167	1	0	next	other	0
vp33	424	Picture	VAS	2681519	0	1	1167	1	0	next	other	0
vp33	425	Picture	VAS	2682686	0	1	1167	1	0	next	other	0
vp33	426	Picture	VAS	2683852	0	1	1167	1	0	next	other	0
vp33	427	Picture	VAS	2685019	0	1	1167	1	0	next	other	0
vp33	428	Picture	VAS	2686186	0	1	1167	1	0	next	other	0
vp33	429	Picture	VAS	2687352	0	1	1167	1	0	next	other	0
vp33	430	Picture	VAS	2688519	0	1	1167	1	0	next	other	0
vp33	431	Picture	VAS	2689685	0	1	1167	1	0	next	other	0
vp33	432	Picture	VAS	2690852	0	1	1167	1	0	next	other	0
vp33	433	Picture	VAS	2692019	0	1	1167	1	0	next	other	0
vp33	434	Picture	VAS	2693185	0	1	1167	1	0	next	other	0
vp33	435	Picture	VAS	2694352	0	1	1167	1	0	next	other	0
vp33	436	Picture	VAS	2695518	0	1	1167	1	0	next	other	0
vp33	437	Picture	VAS	2696685	0	1	1167	1	0	next	other	0
vp33	438	Picture	VAS	2697852	0	1	1167	1	0	next	other	0
vp33	439	Picture	VAS	2699018	0	1	1167	1	0	next	other	0
vp33	440	Picture	VAS	2700185	0	1	1167	1	0	next	other	0
vp33	441	Picture	VAS	2701351	0	1	1167	1	0	next	other	0
vp33	442	Picture	VAS	2702518	0	1	1167	1	0	next	other	0
vp33	443	Picture	VAS	2703685	0	1	1167	1	0	next	other	0
vp33	444	Picture	VAS	2704851	0	1	1167	1	0	next	other	0
vp33	445	Picture	VAS	2706018	0	1	1167	1	0	next	other	0
vp33	446	Picture	VAS	2707184	0	1	1167	1	0	next	other	0
vp33	447	Picture	VAS	2708351	0	1	1167	1	0	next	other	0
vp33	448	Picture	VAS	2709518	0	1	1167	1	0	next	other	0
vp33	449	Picture	VAS	2710684	0	1	1167	1	0	next	other	0
vp33	450	Picture	VAS	2711851	0	1	1167	1	0	next	other	0
vp33	451	Picture	VAS	2713017	0	1	1167	1	0	next	other	0
vp33	452	Picture	VAS	2714184	0	1	1167	1	0	next	other	0
vp33	453	Picture	VAS	2715351	0	1	1167	1	0	next	other	0
vp33	454	Picture	VAS	2716517	0	1	1167	1	0	next	other	0
vp33	455	Picture	VAS	2717684	0	1	1167	1	0	next	other	0
vp33	456	Picture	VAS	2718850	0	1	1167	1	0	next	other	0
vp33	457	Picture	VAS	2720017	0	1	1167	1	0	next	other	0
vp33	458	Picture	VAS	2721184	0	1	1167	1	0	next	other	0
vp33	459	Picture	VAS	2722350	0	1	1167	1	0	next	other	0
vp33	460	Picture	VAS	2723517	0	1	1167	1	0	next	other	0
vp33	461	Picture	VAS	2724683	0	1	1167	1	0	next	other	0
vp33	462	Picture	VAS	2725850	0	1	1167	1	0	next	other	0
vp33	463	Picture	VAS	2727017	0	1	1167	1	0	next	other	0
vp33	464	Picture	VAS	2728183	0	1	1167	1	0	next	other	0
vp33	465	Picture	VAS	2729350	0	1	1167	1	0	next	other	0
vp33	466	Picture	VAS	2730516	0	1	1167	1	0	next	other	0
vp33	467	Picture	VAS	2731683	0	1	1167	1	0	next	other	0
vp33	468	Picture	VAS	2732850	0	1	1167	1	0	next	other	0
vp33	469	Picture	VAS	2734016	0	1	1167	1	0	next	other	0
vp33	470	Picture	VAS	2735183	0	1	1167	1	0	next	other	0
vp33	471	Picture	VAS	2736349	0	1	1167	1	0	next	other	0
vp33	472	Picture	VAS	2737516	0	1	1167	1	0	next	other	0
vp33	473	Picture	VAS	2738683	0	1	1167	1	0	next	other	0
vp33	474	Picture	VAS	2739849	0	1	1167	1	0	next	other	0
vp33	475	Picture	VAS	2741016	0	1	1167	1	0	next	other	0
vp33	476	Picture	VAS	2742183	0	1	1167	1	0	next	other	0
vp33	477	Picture	VAS	2743349	0	1	1167	1	0	next	other	0
vp33	478	Picture	VAS	2744516	0	1	1167	1	0	next	other	0
vp33	479	Picture	VAS	2745682	0	1	1167	1	0	next	other	0
vp33	480	Picture	VAS	2746849	0	1	1167	1	0	next	other	0
vp33	481	Picture	VAS	2748016	0	1	1167	1	0	next	other	0
vp33	482	Picture	VAS	2749182	0	1	1167	1	0	next	other	0
vp33	483	Picture	VAS	2750349	0	1	1167	1	0	next	other	0
vp33	484	Picture	VAS	2751515	0	1	1167	1	0	next	other	0
vp33	485	Picture	VAS	2752682	0	1	1167	1	0	next	other	0
vp33	486	Picture	VAS	2753849	0	1	1167	1	0	next	other	0
vp33	487	Picture	VAS	2755015	0	1	1167	1	0	next	other	0
vp33	488	Picture	VAS	2756182	0	1	1167	1	0	next	other	0
vp33	489	Picture	VAS	2757348	0	1	1167	1	0	next	other	0
vp33	490	Picture	VAS	2758515	0	1	1167	1	0	next	other	0
vp33	491	Picture	VAS	2759682	0	1	1167	1	0	next	other	0
vp33	492	Picture	VAS	2760848	0	1	1167	1	0	next	other	0
vp33	493	Picture	VAS	2762015	0	1	1167	1	0	next	other	0
vp33	494	Picture	VAS	2763181	0	1	1167	1	0	next	other	0
vp33	495	Picture	VAS	2764348	0	1	1167	1	0	next	other	0
vp33	496	Picture	VAS	2765515	0	1	1167	1	0	next	other	0
vp33	497	Picture	VAS	2766681	0	1	1167	1	0	next	other	0
vp33	498	Picture	VAS	2767848	0	1	1167	1	0	next	other	0
vp33	499	Picture	VAS	2769014	0	1	1167	1	0	next	other	0
vp33	500	Picture	VAS	2770181	0	1	1167	1	0	next	other	0
vp33	501	Picture	VAS	2771348	0	1	1167	1	0	next	other	0
vp33	502	Picture	VAS	2772514	0	1	1167	1	0	next	other	0
vp33	503	Picture	VAS	2773681	0	1	1167	1	0	next	other	0
vp33	504	Picture	VAS	2774847	0	1	1167	1	0	next	other	0
vp33	505	Picture	VAS	2776014	0	1	1167	1	0	next	other	0
vp33	506	Picture	VAS	2777181	0	1	1167	1	0	next	other	0
vp33	507	Picture	VAS	2778347	0	1	1167	1	0	next	other	0
vp33	508	Picture	VAS	2779514	0	1	1167	1	0	next	other	0
vp33	509	Picture	VAS	2780680	0	1	1167	1	0	next	other	0
vp33	510	Picture	VAS	2781847	0	1	1167	1	0	next	other	0
vp33	511	Picture	VAS	2783014	0	1	1167	1	0	next	other	0
vp33	512	Picture	VAS	2784180	0	1	1167	1	0	next	other	0
vp33	513	Picture	VAS	2785347	0	1	1167	1	0	next	other	0
vp33	514	Picture	VAS	2786513	0	1	1167	1	0	next	other	0
vp33	515	Picture	VAS	2787680	0	1	1167	1	0	next	other	0
vp33	516	Picture	VAS	2788847	0	1	1167	1	0	next	other	0
vp33	517	Picture	VAS	2790013	0	1	1167	1	0	next	other	0
vp33	518	Picture	VAS	2791180	0	1	1167	1	0	next	other	0
vp33	519	Picture	VAS	2792346	0	1	1167	1	0	next	other	0
vp33	520	Picture	VAS	2793513	0	1	1167	1	0	next	other	0
vp33	521	Picture	VAS	2794680	0	1	1167	1	0	next	other	0
vp33	522	Picture	VAS	2795846	0	1	1167	1	0	next	other	0
vp33	523	Picture	VAS	2797013	0	1	1167	1	0	next	other	0
vp33	524	Picture	VAS	2798179	0	1	1167	1	0	next	other	0
vp33	525	Picture	VAS	2799346	0	1	1167	1	0	next	other	0
vp33	526	Picture	VAS	2800513	0	1	1167	1	0	next	other	0
vp33	527	Picture	VAS	2801679	0	1	1166	1	0	next	other	0
vp33	528	Picture	VAS	2802845	0	1	1167	1	0	next	other	0
vp33	529	Picture	VAS	2804012	0	1	1167	1	0	next	other	0
vp33	530	Picture	VAS	2805179	0	1	1167	1	0	next	other	0
vp33	531	Picture	VAS	2806346	0	1	1167	1	0	next	other	0
vp33	532	Picture	VAS	2807512	0	1	1167	1	0	next	other	0
vp33	533	Picture	VAS	2808679	0	1	1167	1	0	next	other	0
vp33	534	Picture	VAS	2809845	0	1	1167	1	0	next	other	0
vp33	535	Picture	VAS	2811012	0	1	1167	1	0	next	other	0
vp33	536	Picture	VAS	2812179	0	1	1167	1	0	next	other	0
vp33	537	Picture	VAS	2813345	0	1	1167	1	0	next	false_alarm	601
vp33	537	Response	3	2814186	841	1
vp33	538	Picture	VAS	2814512	0	1	1167	1	0	next	other	0
vp33	539	Picture	Jitter	2815679	0	1	15166	1	0	next	other	0
vp33	540	Picture	instruct	2830844	0	1	20832	1	0	next	other	0
vp33	540	Manual	shock delivered	2850845	20000	NA
vp33	540	Manual	shock delivered	2850965	20121	NA
vp33	540	Manual	shock delivered	2851085	20241	NA
vp33	540	Manual	shock delivered	2851205	20361	NA
vp33	540	Manual	shock delivered	2851325	20481	NA
vp33	540	Manual	shock delivered	2851445	20601	NA
vp33	541	Picture	VAS	2851677	0	1	1167	1	0	next	other	0
vp33	542	Picture	VAS	2852843	0	1	1167	1	0	next	other	0
vp33	543	Picture	VAS	2854010	0	1	1167	1	0	next	other	0
vp33	544	Picture	VAS	2855176	0	1	1167	1	0	next	other	0
vp33	545	Picture	VAS	2856343	0	1	1167	1	0	next	other	0
vp33	546	Picture	VAS	2857510	0	1	1166	1	0	next	other	0
vp33	547	Picture	VAS	2858676	0	1	1167	1	0	next	other	0
vp33	548	Picture	VAS	2859843	0	1	1167	1	0	next	other	0
vp33	549	Picture	VAS	2861009	0	1	1167	1	0	next	other	0
vp33	550	Picture	VAS	2862176	0	1	1167	1	0	next	other	0
vp33	551	Picture	VAS	2863343	0	1	1167	1	0	next	other	0
vp33	552	Picture	VAS	2864509	0	1	1167	1	0	next	other	0
vp33	553	Picture	VAS	2865676	0	1	1167	1	0	next	other	0
vp33	554	Picture	VAS	2866842	0	1	1167	1	0	next	other	0
vp33	555	Picture	VAS	2868009	0	1	1167	1	0	next	other	0
vp33	556	Picture	VAS	2869175	0	1	1167	1	0	next	other	0
vp33	557	Picture	VAS	2870342	0	1	1167	1	0	next	other	0
vp33	558	Picture	VAS	2871509	0	1	1167	1	0	next	other	0
vp33	559	Picture	VAS	2872675	0	1	1167	1	0	next	other	0
vp33	560	Picture	VAS	2873842	0	1	1167	1	0	next	other	0
vp33	561	Picture	VAS	2875008	0	1	1167	1	0	next	other	0
vp33	562	Picture	VAS	2876175	0	1	1167	1	0	next	other	0
vp33	563	Picture	VAS	2877342	0	1	1167	1	0	next	other	0
vp33	564	Picture	VAS	2878508	0	1	1167	1	0	next	other	0
vp33	565	Picture	VAS	2879675	0	1	1167	1	0	next	other	0
vp33	566	Picture	VAS	2880842	0	1	1167	1	0	next	other	0
vp33	567	Picture	VAS	2882008	0	1	1167	1	0	next	other	0
vp33	568	Picture	VAS	2883175	0	1	1167	1	0	next	other	0
vp33	569	Picture	VAS	2884341	0	1	1167	1	0	next	other	0
vp33	570	Picture	VAS	2885508	0	1	1167	1	0	next	other	0
vp33	571	Picture	VAS	2886675	0	1	1167	1	0	next	other	0
vp33	572	Picture	VAS	2887841	0	1	1167	1	0	next	other	0
vp33	573	Picture	VAS	2889008	0	1	1167	1	0	next	other	0
vp33	574	Picture	VAS	2890174	0	1	1167	1	0	next	other	0
vp33	575	Picture	VAS	2891341	0	1	1167	1	0	next	other	0
vp33	576	Picture	VAS	2892508	0	1	1167	1	0	next	other	0
vp33	577	Picture	VAS	2893674	0	1	1167	1	0	next	other	0
vp33	578	Picture	VAS	2894841	0	1	1167	1	0	next	other	0
vp33	579	Picture	VAS	2896007	0	1	1167	1	0	next	other	0
vp33	580	Picture	VAS	2897174	0	1	1167	1	0	next	other	0
vp33	581	Picture	VAS	2898341	0	1	1167	1	0	next	other	0
vp33	582	Picture	VAS	2899507	0	1	1167	1	0	next	other	0
vp33	583	Picture	VAS	2900674	0	1	1167	1	0	next	other	0
vp33	584	Picture	VAS	2901840	0	1	1167	1	0	next	other	0
vp33	585	Picture	VAS	2903007	0	1	1167	1	0	next	other	0
vp33	586	Picture	VAS	2904174	0	1	1167	1	0	next	other	0
vp33	587	Picture	VAS	2905340	0	1	1167	1	0	next	other	0
vp33	588	Picture	VAS	2906507	0	1	1167	1	0	next	other	0
vp33	589	Picture	VAS	2907673	0	1	1167	1	0	next	other	0
vp33	590	Picture	VAS	2908840	0	1	1167	1	0	next	other	0
vp33	591	Picture	VAS	2910007	0	1	1167	1	0	next	other	0
vp33	592	Picture	VAS	2911173	0	1	1167	1	0	next	other	0
vp33	593	Picture	VAS	2912340	0	1	1167	1	0	next	other	0
vp33	594	Picture	VAS	2913506	0	1	1167	1	0	next	other	0
vp33	595	Picture	VAS	2914673	0	1	1167	1	0	next	other	0
vp33	596	Picture	VAS	2915840	0	1	1167	1	0	next	other	0
vp33	597	Picture	VAS	2917006	0	1	1167	1	0	next	other	0
vp33	598	Picture	VAS	2918173	0	1	1167	1	0	next	other	0
vp33	599	Picture	VAS	2919339	0	1	1167	1	0	next	other	0
vp33	599	Response	2	2920359	1019	1
vp33	600	Picture	VAS	2920506	0	1	1167	1	0	next	other	0
vp33	601	Picture	VAS	2921673	0	1	1167	1	0	next	other	0
vp33	602	Picture	VAS	2922839	0	1	1167	1	0	next	other	0
vp33	603	Picture	VAS	2924006	0	1	1167	1	0	next	other	0
vp33	604	Picture	VAS	2925172	0	1	1167	1	0	next	other	0
vp33	605	Picture	VAS	2926339	0	1	1167	1	0	next	other	0
vp33	606	Picture	VAS	2927506	0	1	1167	1	0	next	other	0
vp33	607	Picture	VAS	2928672	0	1	1167	1	0	next	other	0
vp33	608	Picture	VAS	2929839	0	1	1167	1	0	next	other	0
vp33	609	Picture	VAS	2931005	0	1	1167	1	0	next	other	0
vp33	610	Picture	VAS	2932172	0	1	1167	1	0	next	other	0
vp33	611	Picture	VAS	2933339	0	1	1167	1	0	next	other	0
vp33	612	Picture	VAS	2934505	0	1	1167	1	0	next	other	0
vp33	613	Picture	VAS	2935672	0	1	1167	1	0	next	other	0
vp33	614	Picture	VAS	2936838	0	1	1167	1	0	next	other	0
vp33	615	Picture	VAS	2938005	0	1	1167	1	0	next	other	0
vp33	616	Picture	VAS	2939172	0	1	1167	1	0	next	other	0
vp33	617	Picture	VAS	2940338	0	1	1167	1	0	next	other	0
vp33	618	Picture	VAS	2941505	0	1	1167	1	0	next	other	0
vp33	619	Picture	VAS	2942671	0	1	1167	1	0	next	other	0
vp33	620	Picture	VAS	2943838	0	1	1167	1	0	next	other	0
vp33	621	Picture	VAS	2945005	0	1	1167	1	0	next	other	0
vp33	622	Picture	VAS	2946171	0	1	1167	1	0	next	other	0
vp33	623	Picture	VAS	2947338	0	1	1167	1	0	next	other	0
vp33	624	Picture	VAS	2948504	0	1	1167	1	0	next	other	0
vp33	625	Picture	VAS	2949671	0	1	1167	1	0	next	other	0
vp33	626	Picture	VAS	2950838	0	1	1167	1	0	next	other	0
vp33	627	Picture	VAS	2952004	0	1	1167	1	0	next	other	0
vp33	628	Picture	VAS	2953171	0	1	1167	1	0	next	other	0
vp33	629	Picture	VAS	2954337	0	1	1167	1	0	next	other	0
vp33	630	Picture	VAS	2955504	0	1	1167	1	0	next	other	0
vp33	631	Picture	VAS	2956671	0	1	1167	1	0	next	other	0
vp33	632	Picture	VAS	2957837	0	1	1167	1	0	next	other	0
vp33	633	Picture	VAS	2959004	0	1	1167	1	0	next	other	0
vp33	634	Picture	VAS	2960171	0	1	1167	1	0	next	other	0
vp33	635	Picture	VAS	2961337	0	1	1167	1	0	next	other	0
vp33	636	Picture	VAS	2962504	0	1	1167	1	0	next	other	0
vp33	637	Picture	VAS	2963670	0	1	1167	1	0	next	other	0
vp33	638	Picture	VAS	2964837	0	1	1167	1	0	next	other	0
vp33	639	Picture	VAS	2966003	0	1	1167	1	0	next	other	0
vp33	640	Picture	VAS	2967170	0	1	1167	1	0	next	other	0
vp33	641	Picture	VAS	2968337	0	1	1167	1	0	next	other	0
vp33	642	Picture	VAS	2969503	0	1	1167	1	0	next	other	0
vp33	643	Picture	VAS	2970670	0	1	1167	1	0	next	other	0
vp33	644	Picture	VAS	2971837	0	1	1167	1	0	next	other	0
vp33	645	Picture	VAS	2973003	0	1	1167	1	0	next	other	0
vp33	646	Picture	VAS	2974170	0	1	1167	1	0	next	other	0
vp33	647	Picture	VAS	2975336	0	1	1167	1	0	next	other	0
vp33	648	Picture	VAS	2976503	0	1	1167	1	0	next	other	0
vp33	649	Picture	VAS	2977670	0	1	1167	1	0	next	other	0
vp33	650	Picture	VAS	2978836	0	1	1167	1	0	next	other	0
vp33	651	Picture	VAS	2980003	0	1	1167	1	0	next	other	0
vp33	652	Picture	VAS	2981169	0	1	1167	1	0	next	other	0
vp33	653	Picture	VAS	2982336	0	1	1167	1	0	next	other	0
vp33	654	Picture	VAS	2983503	0	1	1167	1	0	next	other	0
vp33	655	Picture	VAS	2984669	0	1	1167	1	0	next	other	0
vp33	656	Picture	VAS	2985836	0	1	1167	1	0	next	other	0
vp33	657	Picture	VAS	2987002	0	1	1167	1	0	next	other	0
vp33	658	Picture	VAS	2988169	0	1	1167	1	0	next	other	0
vp33	659	Picture	VAS	2989336	0	1	1167	1	0	next	other	0
vp33	660	Picture	VAS	2990502	0	1	1167	1	0	next	other	0
vp33	661	Picture	VAS	2991669	0	1	1167	1	0	next	other	0
vp33	662	Picture	VAS	2992835	0	1	1167	1	0	next	other	0
vp33	663	Picture	VAS	2994002	0	1	1167	1	0	next	other	0
vp33	664	Picture	VAS	2995169	0	1	1167	1	0	next	other	0
vp33	665	Picture	VAS	2996335	0	1	1167	1	0	next	other	0
vp33	666	Picture	VAS	2997502	0	1	1167	1	0	next	other	0
vp33	667	Picture	VAS	2998668	0	1	1167	1	0	next	other	0
vp33	668	Picture	VAS	2999835	0	1	1167	1	0	next	other	0
vp33	669	Picture	VAS	3001002	0	1	1167	1	0	next	other	0
vp33	670	Picture	VAS	3002168	0	1	1167	1	0	next	other	0
vp33	671	Picture	VAS	3003335	0	1	1167	1	0	next	other	0
vp33	672	Picture	VAS	3004501	0	1	1167	1	0	next	false_alarm	744
vp33	672	Response	3	3005217	716	1
vp33	673	Picture	VAS	3005668	0	1	1167	1	0	next	other	0
vp33	674	Picture	Jitter	3006835	0	1	10333	1	0	next	other	0
vp33	675	Picture	instruct	3017167	0	1	20999	1	0	next	other	0
vp33	675	Manual	shock delivered	3037168	20000	NA
vp33	675	Manual	shock delivered	3037288	20121	NA
vp33	675	Manual	shock delivered	3037408	20241	NA
vp33	675	Manual	shock delivered	3037528	20361	NA
vp33	675	Manual	shock delivered	3037648	20481	NA
vp33	675	Manual	shock delivered	3037768	20601	NA
vp33	675	Manual	shock delivered	3037888	20721	NA
vp33	676	Picture	VAS	3038166	0	1	1167	1	0	next	other	0
vp33	677	Picture	VAS	3039333	0	1	1167	1	0	next	other	0
vp33	678	Picture	VAS	3040499	0	1	1167	1	0	next	other	0
vp33	679	Picture	VAS	3041666	0	1	1167	1	0	next	other	0
vp33	680	Picture	VAS	3042833	0	1	1167	1	0	next	other	0
vp33	681	Picture	VAS	3043999	0	1	1167	1	0	next	other	0
vp33	682	Picture	VAS	3045166	0	1	1167	1	0	next	other	0
vp33	683	Picture	VAS	3046332	0	1	1167	1	0	next	other	0
vp33	684	Picture	VAS	3047499	0	1	1167	1	0	next	other	0
vp33	685	Picture	VAS	3048666	0	1	1167	1	0	next	other	0
vp33	686	Picture	VAS	3049832	0	1	1167	1	0	next	other	0
vp33	687	Picture	VAS	3050999	0	1	1167	1	0	next	other	0
vp33	688	Picture	VAS	3052165	0	1	1166	1	0	next	other	0
vp33	689	Picture	VAS	3053331	0	1	1167	1	0	next	other	0
vp33	690	Picture	VAS	3054499	0	1	1167	1	0	next	other	0
vp33	691	Picture	VAS	3055665	0	1	1166	1	0	next	other	0
vp33	692	Picture	VAS	3056831	0	1	1167	1	0	next	other	0
vp33	693	Picture	VAS	3057998	0	1	1167	1	0	next	other	0
vp33	694	Picture	VAS	3059165	0	1	1167	1	0	next	other	0
vp33	695	Picture	VAS	3060332	0	1	1167	1	0	next	other	0
vp33	696	Picture	VAS	3061498	0	1	1167	1	0	next	other	0
vp33	697	Picture	VAS	3062665	0	1	1167	1	0	next	other	0
vp33	698	Picture	VAS	3063832	0	1	1167	1	0	next	other	0
vp33	699	Picture	VAS	3064998	0	1	1167	1	0	next	other	0
vp33	700	Picture	VAS	3066165	0	1	1167	1	0	next	other	0
vp33	701	Picture	VAS	3067331	0	1	1167	1	0	next	other	0
vp33	702	Picture	VAS	3068498	0	1	1167	1	0	next	other	0
vp33	703	Picture	VAS	3069665	0	1	1167	1	0	next	other	0
vp33	704	Picture	VAS	3070831	0	1	1167	1	0	next	other	0
vp33	705	Picture	VAS	3071998	0	1	1167	1	0	next	other	0
vp33	706	Picture	VAS	3073164	0	1	1167	1	0	next	other	0
vp33	707	Picture	VAS	3074331	0	1	1167	1	0	next	other	0
vp33	708	Picture	VAS	3075497	0	1	1167	1	0	next	other	0
vp33	709	Picture	VAS	3076664	0	1	1167	1	0	next	other	0
vp33	710	Picture	VAS	3077831	0	1	1167	1	0	next	other	0
vp33	711	Picture	VAS	3078997	0	1	1167	1	0	next	other	0
vp33	712	Picture	VAS	3080164	0	1	1167	1	0	next	other	0
vp33	713	Picture	VAS	3081331	0	1	1167	1	0	next	other	0
vp33	714	Picture	VAS	3082497	0	1	1167	1	0	next	other	0
vp33	715	Picture	VAS	3083664	0	1	1167	1	0	next	other	0
vp33	716	Picture	VAS	3084830	0	1	1167	1	0	next	other	0
vp33	717	Picture	VAS	3085997	0	1	1167	1	0	next	other	0
vp33	718	Picture	VAS	3087164	0	1	1167	1	0	next	other	0
vp33	719	Picture	VAS	3088330	0	1	1167	1	0	next	other	0
vp33	720	Picture	VAS	3089497	0	1	1167	1	0	next	other	0
vp33	721	Picture	VAS	3090663	0	1	1167	1	0	next	other	0
vp33	722	Picture	VAS	3091830	0	1	1167	1	0	next	other	0
vp33	723	Picture	VAS	3092997	0	1	1167	1	0	next	other	0
vp33	724	Picture	VAS	3094163	0	1	1167	1	0	next	other	0
vp33	725	Picture	VAS	3095330	0	1	1167	1	0	next	other	0
vp33	726	Picture	VAS	3096496	0	1	1167	1	0	next	other	0
vp33	727	Picture	VAS	3097663	0	1	1167	1	0	next	other	0
vp33	728	Picture	VAS	3098830	0	1	1167	1	0	next	other	0
vp33	729	Picture	VAS	3099996	0	1	1167	1	0	next	other	0
vp33	730	Picture	VAS	3101163	0	1	1167	1	0	next	other	0
vp33	731	Picture	VAS	3102329	0	1	1167	1	0	next	other	0
vp33	732	Picture	VAS	3103496	0	1	1167	1	0	next	other	0
vp33	733	Picture	VAS	3104663	0	1	1167	1	0	next	other	0
vp33	734	Picture	VAS	3105829	0	1	1167	1	0	next	other	0
vp33	735	Picture	VAS	3106996	0	1	1167	1	0	next	other	0
vp33	736	Picture	VAS	3108162	0	1	1167	1	0	next	other	0
vp33	737	Picture	VAS	3109329	0	1	1167	1	0	next	other	0
vp33	738	Picture	VAS	3110496	0	1	1167	1	0	next	other	0
vp33	739	Picture	VAS	3111662	0	1	1167	1	0	next	other	0
vp33	740	Picture	VAS	3112829	0	1	1167	1	0	next	other	0
vp33	741	Picture	VAS	3113995	0	1	1167	1	0	next	other	0
vp33	742	Picture	VAS	3115162	0	1	1167	1	0	next	other	0
vp33	743	Picture	VAS	3116329	0	1	1167	1	0	next	other	0
vp33	744	Picture	VAS	3117495	0	1	1167	1	0	next	other	0
vp33	745	Picture	VAS	3118662	0	1	1167	1	0	next	other	0
vp33	746	Picture	VAS	3119828	0	1	1167	1	0	next	other	0
vp33	747	Picture	VAS	3120995	0	1	1167	1	0	next	other	0
vp33	748	Picture	VAS	3122162	0	1	1167	1	0	next	other	0
vp33	749	Picture	VAS	3123328	0	1	1167	1	0	next	other	0
vp33	750	Picture	VAS	3124495	0	1	1167	1	0	next	other	0
vp33	751	Picture	VAS	3125661	0	1	1167	1	0	next	other	0
vp33	752	Picture	VAS	3126828	0	1	1167	1	0	next	other	0
vp33	753	Picture	VAS	3127995	0	1	1167	1	0	next	other	0
vp33	754	Picture	VAS	3129161	0	1	1167	1	0	next	other	0
vp33	755	Picture	VAS	3130328	0	1	1167	1	0	next	other	0
vp33	756	Picture	VAS	3131494	0	1	1167	1	0	next	other	0
vp33	757	Picture	VAS	3132661	0	1	1167	1	0	next	other	0
vp33	758	Picture	VAS	3133828	0	1	1167	1	0	next	other	0
vp33	759	Picture	VAS	3134994	0	1	1167	1	0	next	other	0
vp33	760	Picture	VAS	3136161	0	1	1167	1	0	next	other	0
vp33	761	Picture	VAS	3137327	0	1	1167	1	0	next	other	0
vp33	762	Picture	VAS	3138494	0	1	1167	1	0	next	other	0
vp33	763	Picture	VAS	3139661	0	1	1167	1	0	next	other	0
vp33	764	Picture	VAS	3140827	0	1	1167	1	0	next	other	0
vp33	765	Picture	VAS	3141994	0	1	1167	1	0	next	other	0
vp33	766	Picture	VAS	3143160	0	1	1167	1	0	next	other	0
vp33	767	Picture	VAS	3144327	0	1	1167	1	0	next	other	0
vp33	768	Picture	VAS	3145494	0	1	1167	1	0	next	other	0
vp33	769	Picture	VAS	3146660	0	1	1167	1	0	next	other	0
vp33	770	Picture	VAS	3147827	0	1	1167	1	0	next	other	0
vp33	771	Picture	VAS	3148993	0	1	1167	1	0	next	other	0
vp33	772	Picture	VAS	3150160	0	1	1167	1	0	next	other	0
vp33	773	Picture	VAS	3151327	0	1	1167	1	0	next	other	0
vp33	774	Picture	VAS	3152493	0	1	1167	1	0	next	other	0
vp33	775	Picture	VAS	3153660	0	1	1167	1	0	next	other	0
vp33	776	Picture	VAS	3154826	0	1	1167	1	0	next	other	0
vp33	777	Picture	VAS	3155993	0	1	1167	1	0	next	other	0
vp33	778	Picture	VAS	3157160	0	1	1167	1	0	next	other	0
vp33	779	Picture	VAS	3158326	0	1	1167	1	0	next	other	0
vp33	780	Picture	VAS	3159493	0	1	1167	1	0	next	other	0
vp33	781	Picture	VAS	3160659	0	1	1167	1	0	next	other	0
vp33	782	Picture	VAS	3161826	0	1	1167	1	0	next	other	0
vp33	783	Picture	VAS	3162993	0	1	1167	1	0	next	other	0
vp33	784	Picture	VAS	3164159	0	1	1167	1	0	next	other	0
vp33	785	Picture	VAS	3165326	0	1	1167	1	0	next	other	0
vp33	786	Picture	VAS	3166493	0	1	1167	1	0	next	other	0
vp33	787	Picture	VAS	3167659	0	1	1167	1	0	next	other	0
vp33	788	Picture	VAS	3168826	0	1	1167	1	0	next	other	0
vp33	789	Picture	VAS	3169992	0	1	1167	1	0	next	other	0
vp33	790	Picture	VAS	3171159	0	1	1167	1	0	next	other	0
vp33	791	Picture	VAS	3172325	0	1	1167	1	0	next	other	0
vp33	792	Picture	VAS	3173492	0	1	1167	1	0	next	other	0
vp33	793	Picture	VAS	3174659	0	1	1167	1	0	next	other	0
vp33	794	Picture	VAS	3175825	0	1	1167	1	0	next	other	0
vp33	795	Picture	VAS	3176992	0	1	1167	1	0	next	other	0
vp33	796	Picture	VAS	3178159	0	1	1167	1	0	next	other	0
vp33	797	Picture	VAS	3179325	0	1	1167	1	0	next	other	0
vp33	798	Picture	VAS	3180492	0	1	1167	1	0	next	other	0
vp33	799	Picture	VAS	3181658	0	1	1167	1	0	next	other	0
vp33	800	Picture	VAS	3182825	0	1	1167	1	0	next	other	0
vp33	801	Picture	VAS	3183992	0	1	1167	1	0	next	other	0
vp33	802	Picture	VAS	3185158	0	1	1167	1	0	next	other	0
vp33	803	Picture	VAS	3186325	0	1	1167	1	0	next	other	0
vp33	804	Picture	VAS	3187491	0	1	1167	1	0	next	other	0
vp33	805	Picture	VAS	3188658	0	1	1167	1	0	next	other	0
vp33	806	Picture	VAS	3189824	0	1	1167	1	0	next	other	0
vp33	807	Picture	VAS	3190991	0	1	1167	1	0	next	other	0
vp33	808	Picture	VAS	3192158	0	1	1167	1	0	next	other	0
vp33	809	Picture	VAS	3193324	0	1	1167	1	0	next	other	0
vp33	810	Picture	VAS	3194491	0	1	1167	1	0	next	other	0
vp33	811	Picture	VAS	3195658	0	1	1167	1	0	next	other	0
vp33	812	Picture	VAS	3196824	0	1	1167	1	0	next	other	0
vp33	813	Picture	VAS	3197991	0	1	1167	1	0	next	other	0
vp33	814	Picture	VAS	3199157	0	1	1167	1	0	next	other	0
vp33	815	Picture	VAS	3200324	0	1	1167	1	0	next	other	0
vp33	816	Picture	VAS	3201491	0	1	1167	1	0	next	other	0
vp33	817	Picture	VAS	3202657	0	1	1167	1	0	next	other	0
vp33	818	Picture	VAS	3203824	0	1	1167	1	0	next	other	0
vp33	819	Picture	VAS	3204990	0	1	1167	1	0	next	other	0
vp33	820	Picture	VAS	3206157	0	1	1167	1	0	next	other	0
vp33	821	Picture	VAS	3207324	0	1	1167	1	0	next	other	0
vp33	822	Picture	VAS	3208490	0	1	1167	1	0	next	other	0
vp33	823	Picture	VAS	3209657	0	1	1167	1	0	next	false_alarm	903
vp33	823	Response	3	3210538	881	1
vp33	824	Picture	VAS	3210823	0	1	1167	1	0	next	other	0
vp33	825	Picture	Jitter	3211990	0	1	10166	1	0	next	other	0
vp33	826	Picture	instruct	3222156	0	1	20666	1	0	next	other	0
vp33	826	Manual	shock delivered	3242157	20000	NA
vp33	826	Manual	shock delivered	3242277	20121	NA
vp33	826	Manual	shock delivered	3242397	20241	NA
vp33	826	Manual	shock delivered	3242517	20361	NA
vp33	827	Picture	VAS	3242822	0	1	1167	1	0	next	other	0
vp33	828	Picture	VAS	3243988	0	1	1167	1	0	next	other	0
vp33	829	Picture	VAS	3245155	0	1	1167	1	0	next	other	0
vp33	830	Picture	VAS	3246321	0	1	1167	1	0	next	other	0
vp33	831	Picture	VAS	3247488	0	1	1167	1	0	next	other	0
vp33	832	Picture	VAS	3248655	0	1	1167	1	0	next	other	0
vp33	833	Picture	VAS	3249821	0	1	1167	1	0	next	other	0
vp33	834	Picture	VAS	3250988	0	1	1167	1	0	next	other	0
vp33	835	Picture	VAS	3252154	0	1	1167	1	0	next	other	0
vp33	836	Picture	VAS	3253321	0	1	1167	1	0	next	other	0
vp33	837	Picture	VAS	3254488	0	1	1167	1	0	next	other	0
vp33	838	Picture	VAS	3255654	0	1	1167	1	0	next	other	0
vp33	839	Picture	VAS	3256821	0	1	1167	1	0	next	other	0
vp33	840	Picture	VAS	3257987	0	1	1167	1	0	next	other	0
vp33	841	Picture	VAS	3259154	0	1	1167	1	0	next	other	0
vp33	842	Picture	VAS	3260321	0	1	1167	1	0	next	other	0
vp33	843	Picture	VAS	3261487	0	1	1167	1	0	next	other	0
vp33	844	Picture	VAS	3262654	0	1	1167	1	0	next	other	0
vp33	845	Picture	VAS	3263820	0	1	1167	1	0	next	other	0
vp33	846	Picture	VAS	3264987	0	1	1167	1	0	next	other	0
vp33	847	Picture	VAS	3266154	0	1	1167	1	0	next	other	0
vp33	848	Picture	VAS	3267320	0	1	1167	1	0	next	other	0
vp33	849	Picture	VAS	3268487	0	1	1167	1	0	next	other	0
vp33	850	Picture	VAS	3269653	0	1	1167	1	0	next	other	0
vp33	851	Picture	VAS	3270820	0	1	1167	1	0	next	other	0
vp33	852	Picture	VAS	3271987	0	1	1167	1	0	next	other	0
vp33	853	Picture	VAS	3273153	0	1	1167	1	0	next	other	0
vp33	854	Picture	VAS	3274320	0	1	1167	1	0	next	other	0
vp33	855	Picture	VAS	3275486	0	1	1167	1	0	next	other	0
vp33	856	Picture	VAS	3276653	0	1	1167	1	0	next	other	0
vp33	857	Picture	VAS	3277820	0	1	1167	1	0	next	other	0
vp33	858	Picture	VAS	3278986	0	1	1167	1	0	next	other	0
vp33	859	Picture	VAS	3280153	0	1	1167	1	0	next	other	0
vp33	860	Picture	VAS	3281320	0	1	1167	1	0	next	other	0
vp33	861	Picture	VAS	3282486	0	1	1167	1	0	next	other	0
vp33	862	Picture	VAS	3283653	0	1	1167	1	0	next	other	0
vp33	863	Picture	VAS	3284819	0	1	1167	1	0	next	other	0
vp33	864	Picture	VAS	3285986	0	1	1167	1	0	next	other	0
vp33	865	Picture	VAS	3287152	0	1	1167	1	0	next	other	0
vp33	866	Picture	VAS	3288319	0	1	1167	1	0	next	other	0
vp33	867	Picture	VAS	3289486	0	1	1167	1	0	next	other	0
vp33	868	Picture	VAS	3290652	0	1	1167	1	0	next	other	0
vp33	869	Picture	VAS	3291819	0	1	1167	1	0	next	other	0
vp33	870	Picture	VAS	3292985	0	1	1167	1	0	next	other	0
vp33	871	Picture	VAS	3294152	0	1	1167	1	0	next	other	0
vp33	872	Picture	VAS	3295319	0	1	1167	1	0	next	other	0
vp33	873	Picture	VAS	3296485	0	1	1167	1	0	next	other	0
vp33	874	Picture	VAS	3297652	0	1	1167	1	0	next	other	0
vp33	875	Picture	VAS	3298819	0	1	1167	1	0	next	other	0
vp33	876	Picture	VAS	3299985	0	1	1167	1	0	next	other	0
vp33	877	Picture	VAS	3301152	0	1	1167	1	0	next	other	0
vp33	878	Picture	VAS	3302318	0	1	1167	1	0	next	other	0
vp33	879	Picture	VAS	3303485	0	1	1167	1	0	next	other	0
vp33	880	Picture	VAS	3304652	0	1	1166	1	0	next	other	0
vp33	881	Picture	VAS	3305818	0	1	1167	1	0	next	other	0
vp33	882	Picture	VAS	3306985	0	1	1167	1	0	next	other	0
vp33	883	Picture	VAS	3308151	0	1	1167	1	0	next	other	0
vp33	884	Picture	VAS	3309318	0	1	1167	1	0	next	other	0
vp33	885	Picture	VAS	3310485	0	1	1167	1	0	next	other	0
vp33	886	Picture	VAS	3311651	0	1	1167	1	0	next	other	0
vp33	887	Picture	VAS	3312818	0	1	1167	1	0	next	other	0
vp33	888	Picture	VAS	3313984	0	1	1167	1	0	next	other	0
vp33	889	Picture	VAS	3315151	0	1	1167	1	0	next	other	0
vp33	890	Picture	VAS	3316318	0	1	1167	1	0	next	other	0
vp33	891	Picture	VAS	3317484	0	1	1167	1	0	next	other	0
vp33	892	Picture	VAS	3318651	0	1	1167	1	0	next	other	0
vp33	893	Picture	VAS	3319817	0	1	1167	1	0	next	other	0
vp33	894	Picture	VAS	3320984	0	1	1167	1	0	next	other	0
vp33	895	Picture	VAS	3322151	0	1	1167	1	0	next	other	0
vp33	896	Picture	VAS	3323317	0	1	1167	1	0	next	other	0
vp33	897	Picture	VAS	3324484	0	1	1167	1	0	next	other	0
vp33	898	Picture	VAS	3325650	0	1	1167	1	0	next	other	0
vp33	899	Picture	VAS	3326817	0	1	1167	1	0	next	other	0
vp33	900	Picture	VAS	3327984	0	1	1167	1	0	next	other	0
vp33	901	Picture	VAS	3329150	0	1	1167	1	0	next	other	0
vp33	902	Picture	VAS	3330317	0	1	1167	1	0	next	other	0
vp33	903	Picture	VAS	3331483	0	1	1167	1	0	next	other	0
vp33	904	Picture	VAS	3332650	0	1	1167	1	0	next	other	0
vp33	905	Picture	VAS	3333817	0	1	1167	1	0	next	other	0
vp33	906	Picture	VAS	3334983	0	1	1167	1	0	next	false_alarm	991
vp33	906	Response	3	3335073	90	0
vp33	907	Picture	VAS	3336150	0	1	1167	1	0	next	other	0
vp33	908	Picture	Jitter	3337316	0	1	5166	1	0	next	other	0
vp33	909	Picture	instruct	3342483	0	1	20499	1	0	next	other	0
vp33	909	Manual	shock delivered	3362483	20000	NA
vp33	909	Manual	shock delivered	3362603	20121	NA
vp33	910	Picture	VAS	3362982	0	1	1167	1	0	next	other	0
vp33	911	Picture	VAS	3364148	0	1	1167	1	0	next	other	0
vp33	912	Picture	VAS	3365315	0	1	1167	1	0	next	other	0
vp33	913	Picture	VAS	3366481	0	1	1167	1	0	next	other	0
vp33	914	Picture	VAS	3367648	0	1	1167	1	0	next	other	0
vp33	915	Picture	VAS	3368815	0	1	1167	1	0	next	other	0
vp33	916	Picture	VAS	3369981	0	1	1167	1	0	next	other	0
vp33	917	Picture	VAS	3371148	0	1	1167	1	0	next	other	0
vp33	918	Picture	VAS	3372314	0	1	1167	1	0	next	other	0
vp33	919	Picture	VAS	3373481	0	1	1167	1	0	next	other	0
vp33	920	Picture	VAS	3374648	0	1	1167	1	0	next	other	0
vp33	921	Picture	VAS	3375814	0	1	1167	1	0	next	other	0
vp33	922	Picture	VAS	3376981	0	1	1167	1	0	next	other	0
vp33	923	Picture	VAS	3378147	0	1	1167	1	0	next	other	0
vp33	924	Picture	VAS	3379314	0	1	1167	1	0	next	other	0
vp33	925	Picture	VAS	3380481	0	1	1167	1	0	next	other	0
vp33	926	Picture	VAS	3381647	0	1	1167	1	0	next	other	0
vp33	927	Picture	VAS	3382814	0	1	1167	1	0	next	other	0
vp33	928	Picture	VAS	3383981	0	1	1167	1	0	next	other	0
vp33	929	Picture	VAS	3385147	0	1	1167	1	0	next	other	0
vp33	930	Picture	VAS	3386314	0	1	1167	1	0	next	other	0
vp33	931	Picture	VAS	3387480	0	1	1167	1	0	next	other	0
vp33	932	Picture	VAS	3388647	0	1	1167	1	0	next	other	0
vp33	933	Picture	VAS	3389813	0	1	1167	1	0	next	other	0
vp33	934	Picture	VAS	3390980	0	1	1167	1	0	next	other	0
vp33	935	Picture	VAS	3392147	0	1	1167	1	0	next	other	0
vp33	936	Picture	VAS	3393313	0	1	1167	1	0	next	other	0
vp33	937	Picture	VAS	3394480	0	1	1167	1	0	next	other	0
vp33	938	Picture	VAS	3395647	0	1	1167	1	0	next	other	0
vp33	939	Picture	VAS	3396813	0	1	1167	1	0	next	other	0
vp33	940	Picture	VAS	3397980	0	1	1167	1	0	next	false_alarm	1028
vp33	940	Response	1	3398011	31	0
vp33	941	Picture	VAS	3399146	0	1	1167	1	0	next	other	0
vp33	942	Picture	VAS	3400313	0	1	1167	1	0	next	other	0
vp33	943	Picture	VAS	3401480	0	1	1167	1	0	next	other	0
vp33	944	Picture	VAS	3402646	0	1	1167	1	0	next	other	0
vp33	945	Picture	VAS	3403813	0	1	1167	1	0	next	other	0
vp33	946	Picture	VAS	3404979	0	1	1167	1	0	next	other	0
vp33	947	Picture	VAS	3406146	0	1	1167	1	0	next	other	0
vp33	948	Picture	VAS	3407313	0	1	1167	1	0	next	other	0
vp33	949	Picture	VAS	3408479	0	1	1167	1	0	next	other	0
vp33	950	Picture	VAS	3409646	0	1	1167	1	0	next	other	0
vp33	951	Picture	VAS	3410812	0	1	1167	1	0	next	other	0
vp33	952	Picture	VAS	3411979	0	1	1167	1	0	next	other	0
vp33	953	Picture	VAS	3413146	0	1	1167	1	0	next	other	0
vp33	954	Picture	VAS	3414312	0	1	1167	1	0	next	other	0
vp33	955	Picture	VAS	3415479	0	1	1167	1	0	next	other	0
vp33	956	Picture	VAS	3416645	0	1	1167	1	0	next	other	0
vp33	957	Picture	VAS	3417812	0	1	1167	1	0	next	other	0
vp33	958	Picture	VAS	3418979	0	1	1167	1	0	next	other	0
vp33	959	Picture	VAS	3420145	0	1	1167	1	0	next	other	0
vp33	960	Picture	VAS	3421312	0	1	1167	1	0	next	other	0
vp33	961	Picture	VAS	3422478	0	1	1167	1	0	next	other	0
vp33	962	Picture	VAS	3423645	0	1	1167	1	0	next	other	0
vp33	963	Picture	VAS	3424812	0	1	1167	1	0	next	other	0
vp33	964	Picture	VAS	3425978	0	1	1167	1	0	next	other	0
vp33	965	Picture	VAS	3427145	0	1	1167	1	0	next	other	0
vp33	966	Picture	VAS	3428311	0	1	1167	1	0	next	other	0
vp33	967	Picture	VAS	3429478	0	1	1167	1	0	next	other	0
vp33	968	Picture	VAS	3430645	0	1	1167	1	0	next	other	0
vp33	969	Picture	VAS	3431811	0	1	1167	1	0	next	other	0
vp33	970	Picture	VAS	3432978	0	1	1167	1	0	next	other	0
vp33	971	Picture	VAS	3434144	0	1	1167	1	0	next	other	0
vp33	972	Picture	VAS	3435311	0	1	1167	1	0	next	other	0
vp33	973	Picture	VAS	3436478	0	1	1167	1	0	next	other	0
vp33	974	Picture	VAS	3437644	0	1	1167	1	0	next	other	0
vp33	975	Picture	VAS	3438811	0	1	1167	1	0	next	other	0
vp33	976	Picture	VAS	3439977	0	1	1167	1	0	next	other	0
vp33	977	Picture	VAS	3441144	0	1	1167	1	0	next	other	0
vp33	978	Picture	VAS	3442311	0	1	1167	1	0	next	false_alarm	1067
vp33	978	Response	3	3443191	880	1
vp33	979	Picture	VAS	3443477	0	1	1167	1	0	next	other	0
vp33	980	Picture	Jitter	3444644	0	1	10499	1	0	next	other	0
vp33	981	Picture	instruct	3455143	0	1	20499	1	0	next	other	0
vp33	981	Manual	shock delivered	3475144	20000	NA
vp33	981	Manual	shock delivered	3475264	20121	NA
vp33	981	Manual	shock delivered	3475385	20241	NA
vp33	982	Picture	VAS	3475642	0	1	1167	1	0	next	other	0
vp33	983	Picture	VAS	3476809	0	1	1167	1	0	next	other	0
vp33	984	Picture	VAS	3477975	0	1	1167	1	0	next	other	0
vp33	985	Picture	VAS	3479142	0	1	1167	1	0	next	other	0
vp33	986	Picture	VAS	3480309	0	1	1167	1	0	next	other	0
vp33	987	Picture	VAS	3481475	0	1	1167	1	0	next	other	0
vp33	988	Picture	VAS	3482642	0	1	1167	1	0	next	other	0
vp33	989	Picture	VAS	3483808	0	1	1167	1	0	next	other	0
vp33	990	Picture	VAS	3484975	0	1	1167	1	0	next	other	0
vp33	991	Picture	VAS	3486142	0	1	1167	1	0	next	other	0
vp33	992	Picture	VAS	3487308	0	1	1167	1	0	next	other	0
vp33	993	Picture	VAS	3488475	0	1	1167	1	0	next	other	0
vp33	994	Picture	VAS	3489641	0	1	1167	1	0	next	other	0
vp33	995	Picture	VAS	3490808	0	1	1167	1	0	next	other	0
vp33	996	Picture	VAS	3491975	0	1	1167	1	0	next	other	0
vp33	997	Picture	VAS	3493141	0	1	1167	1	0	next	other	0
vp33	998	Picture	VAS	3494308	0	1	1167	1	0	next	other	0
vp33	999	Picture	VAS	3495474	0	1	1167	1	0	next	other	0
vp33	1000	Picture	VAS	3496641	0	1	1167	1	0	next	other	0
vp33	1001	Picture	VAS	3497808	0	1	1167	1	0	next	other	0
vp33	1002	Picture	VAS	3498974	0	1	1167	1	0	next	other	0
vp33	1003	Picture	VAS	3500141	0	1	1167	1	0	next	other	0
vp33	1004	Picture	VAS	3501307	0	1	1167	1	0	next	other	0
vp33	1005	Picture	VAS	3502474	0	1	1167	1	0	next	other	0
vp33	1006	Picture	VAS	3503641	0	1	1167	1	0	next	other	0
vp33	1007	Picture	VAS	3504807	0	1	1167	1	0	next	other	0
vp33	1008	Picture	VAS	3505974	0	1	1167	1	0	next	other	0
vp33	1009	Picture	VAS	3507140	0	1	1167	1	0	next	other	0
vp33	1010	Picture	VAS	3508307	0	1	1167	1	0	next	other	0
vp33	1011	Picture	VAS	3509474	0	1	1167	1	0	next	other	0
vp33	1012	Picture	VAS	3510640	0	1	1167	1	0	next	other	0
vp33	1013	Picture	VAS	3511807	0	1	1167	1	0	next	other	0
vp33	1014	Picture	VAS	3512973	0	1	1167	1	0	next	other	0
vp33	1015	Picture	VAS	3514140	0	1	1167	1	0	next	other	0
vp33	1016	Picture	VAS	3515307	0	1	1167	1	0	next	other	0
vp33	1017	Picture	VAS	3516473	0	1	1167	1	0	next	other	0
vp33	1018	Picture	VAS	3517640	0	1	1167	1	0	next	other	0
vp33	1019	Picture	VAS	3518806	0	1	1167	1	0	next	other	0
vp33	1020	Picture	VAS	3519973	0	1	1166	2	0	next	other	0
vp33	1021	Picture	VAS	3521139	0	2	1168	2	0	next	other	0
vp33	1022	Picture	VAS	3522306	0	1	1167	1	0	next	other	0
vp33	1023	Picture	VAS	3523473	0	1	1167	1	0	next	other	0
vp33	1024	Picture	VAS	3524639	0	1	1167	1	0	next	other	0
vp33	1025	Picture	VAS	3525806	0	1	1167	1	0	next	other	0
vp33	1026	Picture	VAS	3526973	0	1	1167	1	0	next	other	0
vp33	1027	Picture	VAS	3528139	0	1	1167	1	0	next	other	0
vp33	1028	Picture	VAS	3529306	0	1	1167	1	0	next	other	0
vp33	1029	Picture	VAS	3530472	0	1	1167	1	0	next	other	0
vp33	1030	Picture	VAS	3531639	0	1	1167	1	0	next	other	0
vp33	1031	Picture	VAS	3532806	0	1	1167	1	0	next	other	0
vp33	1032	Picture	VAS	3533972	0	1	1167	1	0	next	other	0
vp33	1033	Picture	VAS	3535139	0	1	1167	1	0	next	other	0
vp33	1034	Picture	VAS	3536305	0	1	1167	1	0	next	other	0
vp33	1035	Picture	VAS	3537472	0	1	1167	1	0	next	other	0
vp33	1036	Picture	VAS	3538639	0	1	1167	1	0	next	other	0
vp33	1037	Picture	VAS	3539805	0	1	1167	1	0	next	other	0
vp33	1038	Picture	VAS	3540972	0	1	1167	1	0	next	other	0
vp33	1039	Picture	VAS	3542138	0	1	1167	1	0	next	other	0
vp33	1040	Picture	VAS	3543305	0	1	1167	1	0	next	other	0
vp33	1041	Picture	VAS	3544472	0	1	1167	1	0	next	other	0
vp33	1042	Picture	VAS	3545638	0	1	1167	1	0	next	other	0
vp33	1043	Picture	VAS	3546805	0	1	1167	1	0	next	other	0
vp33	1044	Picture	VAS	3547971	0	1	1167	1	0	next	other	0
vp33	1045	Picture	VAS	3549138	0	1	1167	1	0	next	other	0
vp33	1046	Picture	VAS	3550305	0	1	1167	1	0	next	other	0
vp33	1047	Picture	VAS	3551471	0	1	1167	1	0	next	other	0
vp33	1048	Picture	VAS	3552638	0	1	1167	1	0	next	other	0
vp33	1049	Picture	VAS	3553804	0	1	1167	1	0	next	other	0
vp33	1050	Picture	VAS	3554971	0	1	1166	1	0	next	other	0
vp33	1051	Picture	VAS	3556137	0	1	1167	1	0	next	other	0
vp33	1052	Picture	VAS	3557304	0	1	1167	1	0	next	other	0
vp33	1053	Picture	VAS	3558471	0	1	1167	1	0	next	other	0
vp33	1054	Picture	VAS	3559638	0	1	1167	1	0	next	other	0
vp33	1055	Picture	VAS	3560804	0	1	1167	1	0	next	other	0
vp33	1056	Picture	VAS	3561971	0	1	1167	1	0	next	other	0
vp33	1057	Picture	VAS	3563137	0	1	1167	1	0	next	other	0
vp33	1058	Picture	VAS	3564304	0	1	1167	1	0	next	other	0
vp33	1059	Picture	VAS	3565470	0	1	1167	1	0	next	other	0
vp33	1060	Picture	VAS	3566637	0	1	1167	1	0	next	other	0
vp33	1061	Picture	VAS	3567804	0	1	1167	1	0	next	other	0
vp33	1062	Picture	VAS	3568970	0	1	1167	1	0	next	other	0
vp33	1063	Picture	VAS	3570137	0	1	1167	1	0	next	other	0
vp33	1064	Picture	VAS	3571303	0	1	1167	1	0	next	other	0
vp33	1065	Picture	VAS	3572470	0	1	1167	1	0	next	other	0
vp33	1066	Picture	VAS	3573637	0	1	1167	1	0	next	other	0
vp33	1067	Picture	VAS	3574803	0	1	1167	1	0	next	other	0
vp33	1068	Picture	VAS	3575970	0	1	1167	1	0	next	other	0
vp33	1069	Picture	VAS	3577137	0	1	1167	1	0	next	other	0
vp33	1070	Picture	VAS	3578303	0	1	1167	1	0	next	other	0
vp33	1071	Picture	VAS	3579470	0	1	1167	1	0	next	other	0
vp33	1072	Picture	VAS	3580636	0	1	1167	1	0	next	other	0
vp33	1073	Picture	VAS	3581803	0	1	1167	1	0	next	other	0
vp33	1074	Picture	VAS	3582970	0	1	1167	1	0	next	other	0
vp33	1075	Picture	VAS	3584136	0	1	1167	1	0	next	false_alarm	1168
vp33	1075	Response	3	3584684	548	1
vp33	1076	Picture	VAS	3585303	0	1	1167	1	0	next	other	0
vp33	1077	Picture	Jitter	3586469	0	1	15166	1	0	next	other	0
vp33	1078	Picture	instruct	3601635	0	1	20832	1	0	next	other	0
vp33	1078	Manual	shock delivered	3621636	20000	NA
vp33	1078	Manual	shock delivered	3621756	20121	NA
vp33	1078	Manual	shock delivered	3621876	20241	NA
vp33	1078	Manual	shock delivered	3621996	20361	NA
vp33	1078	Manual	shock delivered	3622116	20481	NA
vp33	1079	Picture	VAS	3622467	0	1	1167	1	0	next	other	0
vp33	1080	Picture	VAS	3623634	0	1	1167	1	0	next	other	0
vp33	1081	Picture	VAS	3624801	0	1	1167	1	0	next	other	0
vp33	1082	Picture	VAS	3625967	0	1	1167	1	0	next	other	0
vp33	1083	Picture	VAS	3627134	0	1	1167	1	0	next	other	0
vp33	1084	Picture	VAS	3628300	0	1	1167	1	0	next	other	0
vp33	1085	Picture	VAS	3629467	0	1	1167	1	0	next	other	0
vp33	1086	Picture	VAS	3630634	0	1	1167	1	0	next	other	0
vp33	1087	Picture	VAS	3631800	0	1	1167	1	0	next	other	0
vp33	1088	Picture	VAS	3632967	0	1	1167	1	0	next	other	0
vp33	1089	Picture	VAS	3634133	0	1	1167	1	0	next	other	0
vp33	1090	Picture	VAS	3635300	0	1	1167	1	0	next	other	0
vp33	1091	Picture	VAS	3636467	0	1	1167	1	0	next	other	0
vp33	1092	Picture	VAS	3637633	0	1	1167	1	0	next	other	0
vp33	1093	Picture	VAS	3638800	0	1	1167	1	0	next	other	0
vp33	1094	Picture	VAS	3639966	0	1	1167	1	0	next	other	0
vp33	1095	Picture	VAS	3641133	0	1	1167	1	0	next	other	0
vp33	1096	Picture	VAS	3642300	0	1	1167	1	0	next	other	0
vp33	1097	Picture	VAS	3643466	0	1	1167	1	0	next	other	0
vp33	1098	Picture	VAS	3644633	0	1	1167	1	0	next	other	0
vp33	1099	Picture	VAS	3645799	0	1	1167	1	0	next	other	0
vp33	1100	Picture	VAS	3646966	0	1	1167	1	0	next	other	0
vp33	1101	Picture	VAS	3648133	0	1	1167	1	0	next	other	0
vp33	1102	Picture	VAS	3649299	0	1	1167	1	0	next	other	0
vp33	1103	Picture	VAS	3650466	0	1	1167	1	0	next	other	0
vp33	1104	Picture	VAS	3651632	0	1	1167	1	0	next	other	0
vp33	1105	Picture	VAS	3652799	0	1	1167	1	0	next	other	0
vp33	1106	Picture	VAS	3653966	0	1	1167	1	0	next	other	0
vp33	1107	Picture	VAS	3655132	0	1	1167	1	0	next	other	0
vp33	1108	Picture	VAS	3656299	0	1	1167	1	0	next	other	0
vp33	1109	Picture	VAS	3657465	0	1	1167	1	0	next	other	0
vp33	1110	Picture	VAS	3658632	0	1	1167	1	0	next	other	0
vp33	1111	Picture	VAS	3659799	0	1	1167	1	0	next	other	0
vp33	1112	Picture	VAS	3660965	0	1	1167	1	0	next	other	0
vp33	1113	Picture	VAS	3662132	0	1	1167	1	0	next	other	0
vp33	1114	Picture	VAS	3663298	0	1	1167	1	0	next	other	0
vp33	1115	Picture	VAS	3664465	0	1	1167	1	0	next	other	0
vp33	1116	Picture	VAS	3665632	0	1	1167	1	0	next	other	0
vp33	1117	Picture	VAS	3666798	0	1	1167	1	0	next	other	0
vp33	1118	Picture	VAS	3667965	0	1	1167	1	0	next	other	0
vp33	1119	Picture	VAS	3669131	0	1	1167	1	0	next	other	0
vp33	1120	Picture	VAS	3670298	0	1	1167	1	0	next	other	0
vp33	1121	Picture	VAS	3671465	0	1	1167	1	0	next	other	0
vp33	1122	Picture	VAS	3672631	0	1	1167	1	0	next	other	0
vp33	1123	Picture	VAS	3673798	0	1	1167	1	0	next	other	0
vp33	1124	Picture	VAS	3674964	0	1	1167	1	0	next	other	0
vp33	1125	Picture	VAS	3676131	0	1	1167	1	0	next	other	0
vp33	1126	Picture	VAS	3677298	0	1	1167	1	0	next	other	0
vp33	1127	Picture	VAS	3678464	0	1	1167	1	0	next	other	0
vp33	1128	Picture	VAS	3679631	0	1	1167	1	0	next	other	0
vp33	1129	Picture	VAS	3680798	0	1	1167	1	0	next	other	0
vp33	1130	Picture	VAS	3681964	0	1	1167	1	0	next	other	0
vp33	1131	Picture	VAS	3683131	0	1	1167	1	0	next	other	0
vp33	1132	Picture	VAS	3684297	0	1	1167	1	0	next	other	0
vp33	1133	Picture	VAS	3685464	0	1	1167	1	0	next	other	0
vp33	1134	Picture	VAS	3686631	0	1	1167	1	0	next	other	0
vp33	1135	Picture	VAS	3687797	0	1	1167	1	0	next	other	0
vp33	1136	Picture	VAS	3688964	0	1	1167	1	0	next	other	0
vp33	1137	Picture	VAS	3690130	0	1	1167	1	0	next	other	0
vp33	1138	Picture	VAS	3691297	0	1	1167	1	0	next	other	0
vp33	1139	Picture	VAS	3692464	0	1	1167	1	0	next	other	0
vp33	1140	Picture	VAS	3693630	0	1	1167	1	0	next	other	0
vp33	1141	Picture	VAS	3694797	0	1	1167	1	0	next	other	0
vp33	1142	Picture	VAS	3695963	0	1	1167	1	0	next	other	0
vp33	1143	Picture	VAS	3697130	0	1	1167	1	0	next	other	0
vp33	1144	Picture	VAS	3698297	0	1	1167	1	0	next	other	0
vp33	1145	Picture	VAS	3699463	0	1	1167	1	0	next	other	0
vp33	1146	Picture	VAS	3700630	0	1	1167	1	0	next	other	0
vp33	1147	Picture	VAS	3701796	0	1	1167	1	0	next	other	0
vp33	1148	Picture	VAS	3702963	0	1	1167	1	0	next	other	0
vp33	1149	Picture	VAS	3704130	0	1	1167	1	0	next	other	0
vp33	1150	Picture	VAS	3705296	0	1	1167	1	0	next	other	0
vp33	1151	Picture	VAS	3706463	0	1	1167	1	0	next	other	0
vp33	1152	Picture	VAS	3707629	0	1	1167	1	0	next	other	0
vp33	1153	Picture	VAS	3708796	0	1	1167	1	0	next	other	0
vp33	1154	Picture	VAS	3709963	0	1	1167	1	0	next	other	0
vp33	1155	Picture	VAS	3711129	0	1	1167	1	0	next	other	0
vp33	1156	Picture	VAS	3712296	0	1	1167	1	0	next	other	0
vp33	1157	Picture	VAS	3713462	0	1	1167	1	0	next	other	0
vp33	1158	Picture	VAS	3714629	0	1	1167	1	0	next	other	0
vp33	1159	Picture	VAS	3715796	0	1	1167	1	0	next	other	0
vp33	1160	Picture	VAS	3716962	0	1	1167	1	0	next	other	0
vp33	1161	Picture	VAS	3718129	0	1	1167	1	0	next	other	0
vp33	1162	Picture	VAS	3719295	0	1	1167	1	0	next	other	0
vp33	1163	Picture	VAS	3720462	0	1	1167	1	0	next	other	0
vp33	1164	Picture	VAS	3721629	0	1	1167	1	0	next	other	0
vp33	1165	Picture	VAS	3722795	0	1	1167	1	0	next	other	0
vp33	1166	Picture	VAS	3723962	0	1	1167	1	0	next	other	0
vp33	1167	Picture	VAS	3725128	0	1	1167	1	0	next	other	0
vp33	1168	Picture	VAS	3726295	0	1	1167	1	0	next	other	0
vp33	1169	Picture	VAS	3727462	0	1	1167	1	0	next	other	0
vp33	1170	Picture	VAS	3728628	0	1	1167	1	0	next	other	0
vp33	1171	Picture	VAS	3729795	0	1	1167	1	0	next	other	0
vp33	1171	Response	3	3730882	1087	1
vp33	1172	Picture	VAS	3730961	0	1	1167	1	0	next	other	0
vp33	1173	Picture	VAS	3732128	0	1	1167	1	0	next	other	0
vp33	1174	Picture	Jitter	3733295	0	1	5166	1	0	next	other	0
vp33	1175	Picture	instruct	3738461	0	1	20832	1	0	next	other	0
vp33	1175	Manual	shock delivered	3758461	20000	NA
vp33	1175	Manual	shock delivered	3758582	20121	NA
vp33	1175	Manual	shock delivered	3758702	20241	NA
vp33	1175	Manual	shock delivered	3758822	20361	NA
vp33	1175	Manual	shock delivered	3758942	20481	NA
vp33	1176	Picture	VAS	3759293	0	1	1167	1	0	next	other	0
vp33	1177	Picture	VAS	3760460	0	1	1167	1	0	next	other	0
vp33	1178	Picture	VAS	3761626	0	1	1167	1	0	next	other	0
vp33	1179	Picture	VAS	3762793	0	1	1167	1	0	next	other	0
vp33	1180	Picture	VAS	3763960	0	1	1167	1	0	next	other	0
vp33	1181	Picture	VAS	3765126	0	1	1167	1	0	next	other	0
vp33	1182	Picture	VAS	3766293	0	1	1167	1	0	next	other	0
vp33	1183	Picture	VAS	3767459	0	1	1167	1	0	next	other	0
vp33	1184	Picture	VAS	3768626	0	1	1167	1	0	next	other	0
vp33	1185	Picture	VAS	3769793	0	1	1167	1	0	next	other	0
vp33	1186	Picture	VAS	3770959	0	1	1167	1	0	next	other	0
vp33	1187	Picture	VAS	3772126	0	1	1167	1	0	next	other	0
vp33	1188	Picture	VAS	3773292	0	1	1167	1	0	next	other	0
vp33	1189	Picture	VAS	3774459	0	1	1166	1	0	next	other	0
vp33	1190	Picture	VAS	3775625	0	1	1167	1	0	next	other	0
vp33	1191	Picture	VAS	3776792	0	1	1167	1	0	next	other	0
vp33	1192	Picture	VAS	3777959	0	1	1167	1	0	next	other	0
vp33	1193	Picture	VAS	3779125	0	1	1167	1	0	next	other	0
vp33	1194	Picture	VAS	3780292	0	1	1167	1	0	next	other	0
vp33	1195	Picture	VAS	3781459	0	1	1167	1	0	next	other	0
vp33	1196	Picture	VAS	3782625	0	1	1167	1	0	next	other	0
vp33	1197	Picture	VAS	3783792	0	1	1167	1	0	next	other	0
vp33	1198	Picture	VAS	3784958	0	1	1167	1	0	next	other	0
vp33	1199	Picture	VAS	3786125	0	1	1167	1	0	next	other	0
vp33	1200	Picture	VAS	3787292	0	1	1167	1	0	next	other	0
vp33	1201	Picture	VAS	3788458	0	1	1167	1	0	next	other	0
vp33	1202	Picture	VAS	3789625	0	1	1167	1	0	next	other	0
vp33	1203	Picture	VAS	3790791	0	1	1167	1	0	next	other	0
vp33	1204	Picture	VAS	3791958	0	1	1167	1	0	next	other	0
vp33	1205	Picture	VAS	3793125	0	1	1167	1	0	next	other	0
vp33	1206	Picture	VAS	3794291	0	1	1167	1	0	next	other	0
vp33	1207	Picture	VAS	3795458	0	1	1167	1	0	next	other	0
vp33	1208	Picture	VAS	3796624	0	1	1167	1	0	next	other	0
vp33	1209	Picture	VAS	3797791	0	1	1167	1	0	next	other	0
vp33	1210	Picture	VAS	3798958	0	1	1167	1	0	next	other	0
vp33	1211	Picture	VAS	3800124	0	1	1167	1	0	next	other	0
vp33	1212	Picture	VAS	3801291	0	1	1167	1	0	next	other	0
vp33	1213	Picture	VAS	3802458	0	1	1167	1	0	next	other	0
vp33	1214	Picture	VAS	3803624	0	1	1167	1	0	next	other	0
vp33	1215	Picture	VAS	3804791	0	1	1167	1	0	next	other	0
vp33	1216	Picture	VAS	3805957	0	1	1167	1	0	next	other	0
vp33	1217	Picture	VAS	3807124	0	1	1167	1	0	next	other	0
vp33	1218	Picture	VAS	3808291	0	1	1167	1	0	next	other	0
vp33	1219	Picture	VAS	3809457	0	1	1167	1	0	next	other	0
vp33	1220	Picture	VAS	3810624	0	1	1167	1	0	next	other	0
vp33	1221	Picture	VAS	3811790	0	1	1167	1	0	next	other	0
vp33	1222	Picture	VAS	3812957	0	1	1167	1	0	next	other	0
vp33	1223	Picture	VAS	3814124	0	1	1167	1	0	next	other	0
vp33	1224	Picture	VAS	3815290	0	1	1167	1	0	next	other	0
vp33	1225	Picture	VAS	3816457	0	1	1167	1	0	next	other	0
vp33	1226	Picture	VAS	3817623	0	1	1167	1	0	next	other	0
vp33	1227	Picture	VAS	3818790	0	1	1167	1	0	next	other	0
vp33	1228	Picture	VAS	3819957	0	1	1167	1	0	next	other	0
vp33	1229	Picture	VAS	3821123	0	1	1167	1	0	next	other	0
vp33	1230	Picture	VAS	3822290	0	1	1167	1	0	next	other	0
vp33	1231	Picture	VAS	3823456	0	1	1167	1	0	next	other	0
vp33	1232	Picture	VAS	3824623	0	1	1167	1	0	next	other	0
vp33	1233	Picture	VAS	3825789	0	1	1167	1	0	next	other	0
vp33	1234	Picture	VAS	3826956	0	1	1167	1	0	next	other	0
vp33	1235	Picture	VAS	3828123	0	1	1167	1	0	next	other	0
vp33	1236	Picture	VAS	3829289	0	1	1167	1	0	next	other	0
vp33	1237	Picture	VAS	3830456	0	1	1167	1	0	next	other	0
vp33	1238	Picture	VAS	3831622	0	1	1167	1	0	next	other	0
vp33	1239	Picture	VAS	3832789	0	1	1167	1	0	next	other	0
vp33	1240	Picture	VAS	3833956	0	1	1167	1	0	next	other	0
vp33	1241	Picture	VAS	3835122	0	1	1167	1	0	next	other	0
vp33	1242	Picture	VAS	3836289	0	1	1167	1	0	next	other	0
vp33	1243	Picture	VAS	3837456	0	1	1167	1	0	next	other	0
vp33	1244	Picture	VAS	3838622	0	1	1167	1	0	next	other	0
vp33	1245	Picture	VAS	3839789	0	1	1167	1	0	next	other	0
vp33	1246	Picture	VAS	3840955	0	1	1167	1	0	next	other	0
vp33	1247	Picture	VAS	3842122	0	1	1167	1	0	next	other	0
vp33	1248	Picture	VAS	3843289	0	1	1167	1	0	next	other	0
vp33	1249	Picture	VAS	3844455	0	1	1167	1	0	next	other	0
vp33	1250	Picture	VAS	3845622	0	1	1167	1	0	next	other	0
vp33	1251	Picture	VAS	3846788	0	1	1167	1	0	next	other	0
vp33	1252	Picture	VAS	3847955	0	1	1167	1	0	next	other	0
vp33	1253	Picture	VAS	3849122	0	1	1167	1	0	next	other	0
vp33	1254	Picture	VAS	3850288	0	1	1167	1	0	next	other	0
vp33	1255	Picture	VAS	3851455	0	1	1167	1	0	next	other	0
vp33	1256	Picture	VAS	3852621	0	1	1167	1	0	next	other	0
vp33	1257	Picture	VAS	3853788	0	1	1167	1	0	next	other	0
vp33	1258	Picture	VAS	3854955	0	1	1167	1	0	next	other	0
vp33	1259	Picture	VAS	3856121	0	1	1167	1	0	next	other	0
vp33	1260	Picture	VAS	3857288	0	1	1167	1	0	next	other	0
vp33	1261	Picture	VAS	3858454	0	1	1167	1	0	next	false_alarm	1366
vp33	1261	Response	3	3859049	595	1
vp33	1262	Picture	VAS	3859621	0	1	1167	1	0	next	other	0
vp33	1263	Picture	Jitter	3860788	0	1	5166	1	0	next	other	0
vp33	1264	Picture	instruct	3865954	0	1	20666	1	0	next	other	0
vp33	1264	Manual	shock delivered	3885954	20000	NA
vp33	1264	Manual	shock delivered	3886075	20121	NA
vp33	1264	Manual	shock delivered	3886195	20241	NA
vp33	1264	Manual	shock delivered	3886315	20361	NA
vp33	1265	Picture	VAS	3886620	0	1	1167	1	0	next	other	0
vp33	1266	Picture	VAS	3887786	0	1	1167	1	0	next	other	0
vp33	1267	Picture	VAS	3888953	0	1	1167	1	0	next	other	0
vp33	1268	Picture	VAS	3890119	0	1	1167	1	0	next	other	0
vp33	1269	Picture	VAS	3891286	0	1	1167	1	0	next	other	0
vp33	1270	Picture	VAS	3892453	0	1	1167	1	0	next	other	0
vp33	1271	Picture	VAS	3893619	0	1	1167	1	0	next	other	0
vp33	1272	Picture	VAS	3894786	0	1	1167	1	0	next	other	0
vp33	1273	Picture	VAS	3895952	0	1	1167	1	0	next	other	0
vp33	1274	Picture	VAS	3897119	0	1	1167	1	0	next	other	0
vp33	1275	Picture	VAS	3898286	0	1	1167	1	0	next	other	0
vp33	1276	Picture	VAS	3899452	0	1	1167	1	0	next	other	0
vp33	1277	Picture	VAS	3900619	0	1	1167	1	0	next	other	0
vp33	1278	Picture	VAS	3901785	0	1	1167	1	0	next	other	0
vp33	1279	Picture	VAS	3902952	0	1	1167	1	0	next	other	0
vp33	1280	Picture	VAS	3904119	0	1	1167	1	0	next	other	0
vp33	1281	Picture	VAS	3905285	0	1	1167	1	0	next	other	0
vp33	1282	Picture	VAS	3906452	0	1	1167	1	0	next	other	0
vp33	1283	Picture	VAS	3907618	0	1	1167	1	0	next	other	0
vp33	1284	Picture	VAS	3908785	0	1	1167	1	0	next	other	0
vp33	1285	Picture	VAS	3909952	0	1	1167	1	0	next	other	0
vp33	1286	Picture	VAS	3911118	0	1	1167	1	0	next	other	0
vp33	1287	Picture	VAS	3912285	0	1	1167	1	0	next	other	0
vp33	1288	Picture	VAS	3913451	0	1	1167	1	0	next	other	0
vp33	1289	Picture	VAS	3914618	0	1	1167	1	0	next	other	0
vp33	1290	Picture	VAS	3915785	0	1	1167	1	0	next	other	0
vp33	1291	Picture	VAS	3916951	0	1	1167	1	0	next	false_alarm	1401
vp33	1291	Response	1	3917830	879	1
vp33	1292	Picture	VAS	3918118	0	1	1167	1	0	next	other	0
vp33	1293	Picture	VAS	3919284	0	1	1167	1	0	next	other	0
vp33	1294	Picture	VAS	3920451	0	1	1167	1	0	next	other	0
vp33	1295	Picture	VAS	3921618	0	1	1167	1	0	next	other	0
vp33	1296	Picture	VAS	3922784	0	1	1167	1	0	next	other	0
vp33	1297	Picture	VAS	3923951	0	1	1167	1	0	next	other	0
vp33	1298	Picture	VAS	3925117	0	1	1167	1	0	next	other	0
vp33	1299	Picture	VAS	3926284	0	1	1167	1	0	next	other	0
vp33	1300	Picture	VAS	3927451	0	1	1167	1	0	next	other	0
vp33	1301	Picture	VAS	3928617	0	1	1167	1	0	next	other	0
vp33	1302	Picture	VAS	3929784	0	1	1167	1	0	next	other	0
vp33	1303	Picture	VAS	3930950	0	1	1167	1	0	next	other	0
vp33	1304	Picture	VAS	3932117	0	1	1167	1	0	next	other	0
vp33	1305	Picture	VAS	3933284	0	1	1167	1	0	next	other	0
vp33	1306	Picture	VAS	3934450	0	1	1167	1	0	next	other	0
vp33	1307	Picture	VAS	3935617	0	1	1167	1	0	next	other	0
vp33	1308	Picture	VAS	3936783	0	1	1167	1	0	next	other	0
vp33	1309	Picture	VAS	3937950	0	1	1167	1	0	next	other	0
vp33	1310	Picture	VAS	3939117	0	1	1167	1	0	next	other	0
vp33	1311	Picture	VAS	3940283	0	1	1167	1	0	next	other	0
vp33	1312	Picture	VAS	3941450	0	1	1167	1	0	next	other	0
vp33	1313	Picture	VAS	3942616	0	1	1167	1	0	next	other	0
vp33	1314	Picture	VAS	3943783	0	1	1167	1	0	next	other	0
vp33	1315	Picture	VAS	3944950	0	1	1167	1	0	next	other	0
vp33	1316	Picture	VAS	3946116	0	1	1167	1	0	next	other	0
vp33	1317	Picture	VAS	3947283	0	1	1167	1	0	next	other	0
vp33	1318	Picture	VAS	3948449	0	1	1167	1	0	next	other	0
vp33	1319	Picture	VAS	3949616	0	1	1167	1	0	next	other	0
vp33	1320	Picture	VAS	3950783	0	1	1167	1	0	next	other	0
vp33	1321	Picture	VAS	3951949	0	1	1167	1	0	next	other	0
vp33	1322	Picture	VAS	3953116	0	1	1167	1	0	next	other	0
vp33	1323	Picture	VAS	3954282	0	1	1167	1	0	next	other	0
vp33	1324	Picture	VAS	3955449	0	1	1167	1	0	next	other	0
vp33	1325	Picture	VAS	3956616	0	1	1167	1	0	next	other	0
vp33	1326	Picture	VAS	3957782	0	1	1167	1	0	next	other	0
vp33	1327	Picture	VAS	3958949	0	1	1167	1	0	next	other	0
vp33	1328	Picture	VAS	3960115	0	1	1167	1	0	next	other	0
vp33	1329	Picture	VAS	3961282	0	1	1167	1	0	next	other	0
vp33	1330	Picture	VAS	3962449	0	1	1167	1	0	next	other	0
vp33	1331	Picture	VAS	3963615	0	1	1167	1	0	next	other	0
vp33	1332	Picture	VAS	3964782	0	1	1167	1	0	next	other	0
vp33	1333	Picture	VAS	3965948	0	1	1167	1	0	next	other	0
vp33	1334	Picture	VAS	3967115	0	1	1167	1	0	next	other	0
vp33	1335	Picture	VAS	3968282	0	1	1167	1	0	next	other	0
vp33	1336	Picture	VAS	3969448	0	1	1167	1	0	next	other	0
vp33	1337	Picture	VAS	3970615	0	1	1167	1	0	next	other	0
vp33	1338	Picture	VAS	3971781	0	1	1167	1	0	next	other	0
vp33	1339	Picture	VAS	3972948	0	1	1167	1	0	next	other	0
vp33	1340	Picture	VAS	3974115	0	1	1167	1	0	next	other	0
vp33	1341	Picture	VAS	3975281	0	1	1167	1	0	next	other	0
vp33	1342	Picture	VAS	3976448	0	1	1167	1	0	next	other	0
vp33	1343	Picture	VAS	3977615	0	1	1167	1	0	next	other	0
vp33	1344	Picture	VAS	3978781	0	1	1167	1	0	next	other	0
vp33	1345	Picture	VAS	3979948	0	1	1167	1	0	next	other	0
vp33	1346	Picture	VAS	3981114	0	1	1167	1	0	next	other	0
vp33	1347	Picture	VAS	3982281	0	1	1167	1	0	next	other	0
vp33	1348	Picture	VAS	3983447	0	1	1167	1	0	next	other	0
vp33	1349	Picture	VAS	3984614	0	1	1167	1	0	next	other	0
vp33	1350	Picture	VAS	3985781	0	1	1167	1	0	next	other	0
vp33	1351	Picture	VAS	3986947	0	1	1167	1	0	next	other	0
vp33	1352	Picture	VAS	3988114	0	1	1167	1	0	next	other	0
vp33	1353	Picture	VAS	3989281	0	1	1167	1	0	next	false_alarm	1464
vp33	1353	Response	3	3989817	537	1
vp33	1354	Picture	VAS	3990447	0	1	1167	1	0	next	other	0
vp33	1355	Picture	Jitter	3991614	0	1	5166	1	0	next	other	0
vp33	1356	Picture	instruct	3996780	0	1	20832	1	0	next	other	0
vp33	1356	Manual	shock delivered	4016781	20000	NA
vp33	1356	Manual	shock delivered	4016901	20121	NA
vp33	1356	Manual	shock delivered	4017021	20241	NA
vp33	1356	Manual	shock delivered	4017141	20361	NA
vp33	1356	Manual	shock delivered	4017261	20481	NA
vp33	1356	Manual	shock delivered	4017381	20601	NA
vp33	1357	Picture	VAS	4017612	0	1	1167	1	0	next	other	0
vp33	1358	Picture	VAS	4018779	0	1	1167	1	0	next	other	0
vp33	1359	Picture	VAS	4019945	0	1	1167	1	0	next	other	0
vp33	1360	Picture	VAS	4021112	0	1	1167	1	0	next	other	0
vp33	1361	Picture	VAS	4022279	0	1	1167	1	0	next	other	0
vp33	1362	Picture	VAS	4023445	0	1	1167	1	0	next	other	0
vp33	1363	Picture	VAS	4024612	0	1	1167	1	0	next	other	0
vp33	1364	Picture	VAS	4025779	0	1	1167	1	0	next	other	0
vp33	1365	Picture	VAS	4026945	0	1	1167	1	0	next	other	0
vp33	1366	Picture	VAS	4028112	0	1	1167	1	0	next	other	0
vp33	1367	Picture	VAS	4029278	0	1	1167	1	0	next	other	0
vp33	1368	Picture	VAS	4030445	0	1	1167	1	0	next	other	0
vp33	1369	Picture	VAS	4031612	0	1	1167	1	0	next	other	0
vp33	1370	Picture	VAS	4032778	0	1	1167	1	0	next	other	0
vp33	1371	Picture	VAS	4033945	0	1	1167	1	0	next	other	0
vp33	1372	Picture	VAS	4035111	0	1	1167	1	0	next	other	0
vp33	1373	Picture	VAS	4036278	0	1	1167	1	0	next	other	0
vp33	1374	Picture	VAS	4037445	0	1	1167	1	0	next	other	0
vp33	1375	Picture	VAS	4038611	0	1	1167	1	0	next	other	0
vp33	1376	Picture	VAS	4039778	0	1	1167	1	0	next	other	0
vp33	1377	Picture	VAS	4040944	0	1	1167	1	0	next	other	0
vp33	1378	Picture	VAS	4042111	0	1	1167	1	0	next	other	0
vp33	1379	Picture	VAS	4043278	0	1	1167	1	0	next	other	0
vp33	1380	Picture	VAS	4044444	0	1	1167	1	0	next	other	0
vp33	1381	Picture	VAS	4045611	0	1	1167	1	0	next	false_alarm	1499
vp33	1381	Response	2	4046250	640	1
vp33	1382	Picture	VAS	4046777	0	1	1167	1	0	next	other	0
vp33	1382	Response	2	4047913	1135	1
vp33	1383	Picture	VAS	4047944	0	1	1167	1	0	next	other	0
vp33	1384	Picture	VAS	4049111	0	1	1167	1	0	next	other	0
vp33	1385	Picture	VAS	4050277	0	1	1167	1	0	next	other	0
vp33	1386	Picture	VAS	4051444	0	1	1167	1	0	next	other	0
vp33	1387	Picture	VAS	4052610	0	1	1167	1	0	next	other	0
vp33	1388	Picture	VAS	4053777	0	1	1167	1	0	next	other	0
vp33	1389	Picture	VAS	4054944	0	1	1167	1	0	next	other	0
vp33	1390	Picture	VAS	4056110	0	1	1167	1	0	next	other	0
vp33	1391	Picture	VAS	4057277	0	1	1167	1	0	next	other	0
vp33	1392	Picture	VAS	4058443	0	1	1167	1	0	next	other	0
vp33	1393	Picture	VAS	4059610	0	1	1167	1	0	next	other	0
vp33	1394	Picture	VAS	4060777	0	1	1167	1	0	next	other	0
vp33	1395	Picture	VAS	4061943	0	1	1167	1	0	next	other	0
vp33	1396	Picture	VAS	4063110	0	1	1167	1	0	next	other	0
vp33	1397	Picture	VAS	4064276	0	1	1167	1	0	next	other	0
vp33	1398	Picture	VAS	4065443	0	1	1167	1	0	next	other	0
vp33	1399	Picture	VAS	4066610	0	1	1167	1	0	next	other	0
vp33	1400	Picture	VAS	4067776	0	1	1167	1	0	next	other	0
vp33	1401	Picture	VAS	4068943	0	1	1167	1	0	next	other	0
vp33	1402	Picture	VAS	4070109	0	1	1167	1	0	next	other	0
vp33	1403	Picture	VAS	4071276	0	1	1167	1	0	next	other	0
vp33	1404	Picture	VAS	4072443	0	1	1167	1	0	next	other	0
vp33	1405	Picture	VAS	4073609	0	1	1167	1	0	next	other	0
vp33	1406	Picture	VAS	4074776	0	1	1167	1	0	next	other	0
vp33	1407	Picture	VAS	4075942	0	1	1167	1	0	next	other	0
vp33	1408	Picture	VAS	4077109	0	1	1167	1	0	next	other	0
vp33	1409	Picture	VAS	4078276	0	1	1167	1	0	next	other	0
vp33	1410	Picture	VAS	4079442	0	1	1167	1	0	next	other	0
vp33	1411	Picture	VAS	4080609	0	1	1167	1	0	next	other	0
vp33	1412	Picture	VAS	4081775	0	1	1167	1	0	next	other	0
vp33	1413	Picture	VAS	4082942	0	1	1167	1	0	next	other	0
vp33	1414	Picture	VAS	4084109	0	1	1167	1	0	next	other	0
vp33	1415	Picture	VAS	4085275	0	1	1167	1	0	next	other	0
vp33	1416	Picture	VAS	4086442	0	1	1167	1	0	next	other	0
vp33	1417	Picture	VAS	4087608	0	1	1167	1	0	next	other	0
vp33	1418	Picture	VAS	4088775	0	1	1167	1	0	next	other	0
vp33	1419	Picture	VAS	4089942	0	1	1167	1	0	next	other	0
vp33	1420	Picture	VAS	4091108	0	1	1167	1	0	next	other	0
vp33	1421	Picture	VAS	4092275	0	1	1167	1	0	next	other	0
vp33	1422	Picture	VAS	4093441	0	1	1167	1	0	next	other	0
vp33	1423	Picture	VAS	4094608	0	1	1167	1	0	next	other	0
vp33	1424	Picture	VAS	4095775	0	1	1167	1	0	next	other	0
vp33	1425	Picture	VAS	4096941	0	1	1167	1	0	next	other	0
vp33	1426	Picture	VAS	4098108	0	1	1167	1	0	next	other	0
vp33	1427	Picture	VAS	4099274	0	1	1167	1	0	next	other	0
vp33	1428	Picture	VAS	4100441	0	1	1167	1	0	next	other	0
vp33	1429	Picture	VAS	4101608	0	1	1167	1	0	next	other	0
vp33	1430	Picture	VAS	4102774	0	1	1167	1	0	next	other	0
vp33	1431	Picture	VAS	4103941	0	1	1167	1	0	next	other	0
vp33	1432	Picture	VAS	4105108	0	1	1167	1	0	next	other	0
vp33	1433	Picture	VAS	4106274	0	1	1167	1	0	next	other	0
vp33	1434	Picture	VAS	4107441	0	1	1167	1	0	next	other	0
vp33	1435	Picture	VAS	4108607	0	1	1167	1	0	next	other	0
vp33	1436	Picture	VAS	4109774	0	1	1167	1	0	next	other	0
vp33	1437	Picture	VAS	4110940	0	1	1167	1	0	next	other	0
vp33	1438	Picture	VAS	4112107	0	1	1167	1	0	next	other	0
vp33	1439	Picture	VAS	4113274	0	1	1167	1	0	next	other	0
vp33	1440	Picture	VAS	4114440	0	1	1167	1	0	next	other	0
vp33	1441	Picture	VAS	4115607	0	1	1167	1	0	next	other	0
vp33	1442	Picture	VAS	4116774	0	1	1167	1	0	next	other	0
vp33	1443	Picture	VAS	4117940	0	1	1167	1	0	next	other	0
vp33	1444	Picture	VAS	4119107	0	1	1167	1	0	next	other	0
vp33	1445	Picture	VAS	4120273	0	1	1167	1	0	next	other	0
vp33	1446	Picture	VAS	4121440	0	1	1167	1	0	next	other	0
vp33	1447	Picture	VAS	4122607	0	1	1167	1	0	next	other	0
vp33	1448	Picture	VAS	4123773	0	1	1167	1	0	next	other	0
vp33	1449	Picture	VAS	4124940	0	1	1167	1	0	next	other	0
vp33	1450	Picture	VAS	4126106	0	1	1167	1	0	next	other	0
vp33	1451	Picture	VAS	4127273	0	1	1167	1	0	next	other	0
vp33	1452	Picture	VAS	4128440	0	1	1167	1	0	next	other	0
vp33	1453	Picture	VAS	4129606	0	1	1167	1	0	next	other	0
vp33	1454	Picture	VAS	4130773	0	1	1167	1	0	next	other	0
vp33	1455	Picture	VAS	4131939	0	1	1167	1	0	next	other	0
vp33	1456	Picture	VAS	4133106	0	1	1167	1	0	next	other	0
vp33	1457	Picture	VAS	4134273	0	1	1167	1	0	next	other	0
vp33	1458	Picture	VAS	4135439	0	1	1167	1	0	next	other	0
vp33	1459	Picture	VAS	4136606	0	1	1167	1	0	next	other	0
vp33	1460	Picture	VAS	4137772	0	1	1167	1	0	next	other	0
vp33	1461	Picture	VAS	4138939	0	1	1167	1	0	next	other	0
vp33	1462	Picture	VAS	4140106	0	1	1167	1	0	next	false_alarm	1582
vp33	1462	Response	3	4140676	570	1
vp33	1463	Picture	VAS	4141272	0	1	1167	1	0	next	other	0
vp33	1464	Picture	Jitter	4142439	0	1	10500	1	0	next	other	0
vp33	1465	Picture	instruct	4152938	0	1	20499	1	0	next	other	0
vp33	1465	Manual	shock delivered	4172939	20001	NA
vp33	1465	Manual	shock delivered	4173059	20121	NA
vp33	1466	Picture	VAS	4173437	0	1	1167	1	0	next	other	0
vp33	1467	Picture	VAS	4174604	0	1	1167	1	0	next	other	0
vp33	1468	Picture	VAS	4175770	0	1	1167	1	0	next	other	0
vp33	1469	Picture	VAS	4176937	0	1	1167	1	0	next	other	0
vp33	1470	Picture	VAS	4178103	0	1	1167	1	0	next	other	0
vp33	1471	Picture	VAS	4179270	0	1	1167	1	0	next	other	0
vp33	1472	Picture	VAS	4180437	0	1	1167	1	0	next	other	0
vp33	1473	Picture	VAS	4181603	0	1	1167	1	0	next	other	0
vp33	1474	Picture	VAS	4182770	0	1	1167	1	0	next	other	0
vp33	1475	Picture	VAS	4183937	0	1	1167	1	0	next	other	0
vp33	1476	Picture	VAS	4185103	0	1	1167	1	0	next	other	0
vp33	1477	Picture	VAS	4186270	0	1	1167	1	0	next	other	0
vp33	1478	Picture	VAS	4187436	0	1	1167	1	0	next	other	0
vp33	1479	Picture	VAS	4188603	0	1	1167	1	0	next	other	0
vp33	1480	Picture	VAS	4189770	0	1	1167	1	0	next	other	0
vp33	1481	Picture	VAS	4190936	0	1	1167	1	0	next	other	0
vp33	1482	Picture	VAS	4192103	0	1	1167	1	0	next	other	0
vp33	1483	Picture	VAS	4193269	0	1	1167	1	0	next	other	0
vp33	1484	Picture	VAS	4194436	0	1	1167	1	0	next	other	0
vp33	1485	Picture	VAS	4195603	0	1	1167	1	0	next	other	0
vp33	1486	Picture	VAS	4196769	0	1	1167	1	0	next	other	0
vp33	1487	Picture	VAS	4197936	0	1	1167	1	0	next	other	0
vp33	1488	Picture	VAS	4199102	0	1	1167	1	0	next	other	0
vp33	1489	Picture	VAS	4200269	0	1	1167	1	0	next	other	0
vp33	1490	Picture	VAS	4201435	0	1	1167	1	0	next	other	0
vp33	1491	Picture	VAS	4202602	0	1	1167	1	0	next	other	0
vp33	1492	Picture	VAS	4203769	0	1	1167	1	0	next	other	0
vp33	1493	Picture	VAS	4204935	0	1	1167	1	0	next	other	0
vp33	1494	Picture	VAS	4206102	0	1	1167	1	0	next	other	0
vp33	1495	Picture	VAS	4207269	0	1	1167	1	0	next	other	0
vp33	1496	Picture	VAS	4208435	0	1	1167	1	0	next	other	0
vp33	1497	Picture	VAS	4209602	0	1	1167	1	0	next	other	0
vp33	1498	Picture	VAS	4210768	0	1	1167	1	0	next	false_alarm	1621
vp33	1498	Response	1	4211027	259	0
vp33	1499	Picture	VAS	4211935	0	1	1167	1	0	next	false_alarm	1623
vp33	1499	Response	1	4212749	814	0
vp33	1500	Picture	VAS	4213102	0	1	1167	1	0	next	other	0
vp33	1501	Picture	VAS	4214268	0	1	1167	1	0	next	other	0
vp33	1502	Picture	VAS	4215435	0	1	1167	1	0	next	other	0
vp33	1503	Picture	VAS	4216601	0	1	1167	1	0	next	other	0
vp33	1504	Picture	VAS	4217768	0	1	1167	1	0	next	other	0
vp33	1505	Picture	VAS	4218935	0	1	1167	1	0	next	other	0
vp33	1506	Picture	VAS	4220101	0	1	1167	1	0	next	other	0
vp33	1507	Picture	VAS	4221268	0	1	1167	1	0	next	other	0
vp33	1508	Picture	VAS	4222434	0	1	1167	1	0	next	other	0
vp33	1509	Picture	VAS	4223601	0	1	1167	1	0	next	other	0
vp33	1510	Picture	VAS	4224768	0	1	1167	1	0	next	other	0
vp33	1511	Picture	VAS	4225934	0	1	1167	1	0	next	other	0
vp33	1512	Picture	VAS	4227101	0	1	1167	1	0	next	other	0
vp33	1513	Picture	VAS	4228267	0	1	1167	1	0	next	other	0
vp33	1514	Picture	VAS	4229434	0	1	1167	1	0	next	other	0
vp33	1515	Picture	VAS	4230601	0	1	1167	1	0	next	other	0
vp33	1516	Picture	VAS	4231767	0	1	1167	1	0	next	other	0
vp33	1517	Picture	VAS	4232934	0	1	1167	1	0	next	other	0
vp33	1518	Picture	VAS	4234100	0	1	1167	1	0	next	other	0
vp33	1519	Picture	VAS	4235267	0	1	1167	1	0	next	other	0
vp33	1520	Picture	VAS	4236434	0	1	1167	1	0	next	other	0
vp33	1521	Picture	VAS	4237600	0	1	1167	1	0	next	other	0
vp33	1522	Picture	VAS	4238767	0	1	1167	1	0	next	other	0
vp33	1523	Picture	VAS	4239933	0	1	1167	1	0	next	other	0
vp33	1524	Picture	VAS	4241100	0	1	1167	1	0	next	other	0
vp33	1525	Picture	VAS	4242267	0	1	1167	1	0	next	false_alarm	1650
vp33	1525	Response	3	4242914	647	0
vp33	1526	Picture	VAS	4243433	0	1	1167	1	0	next	other	0
vp33	1527	Picture	present_text	4244600	0	1	23999	1	0	next	false_alarm	1653
vp33	1527	Response	3	4268353	23753	0
vp33	1528	Picture	basic hist	4268598	0	1	39641	1	0	next	false_alarm	1655
vp33	1528	Response	3	4288282	19684	0
